ippccGetLibVersion=ippcc
ippiBGRToCbYCr422_709HDTV_8u_AC4C2R=ippcc
ippiBGRToCbYCr422_709HDTV_8u_C3C2R=ippcc
ippiBGRToCbYCr422_8u_AC4C2R=ippcc
ippiBGRToHLS_8u_AC4P4R=ippcc
ippiBGRToHLS_8u_AC4R=ippcc
ippiBGRToHLS_8u_AP4C4R=ippcc
ippiBGRToHLS_8u_AP4R=ippcc
ippiBGRToHLS_8u_C3P3R=ippcc
ippiBGRToHLS_8u_P3C3R=ippcc
ippiBGRToHLS_8u_P3R=ippcc
ippiBGRToLUV_32f_C3R=ippcc
ippiBGRToLUV_8u_C3R=ippcc
ippiBGRToLab_32f_C3R=ippcc
ippiBGRToLab_8u16u_C3R=ippcc
ippiBGRToLab_8u_C3R=ippcc
ippiBGRToYCbCr411_8u_AC4P3R=ippcc
ippiBGRToYCbCr411_8u_C3P3R=ippcc
ippiBGRToYCbCr420_709CSC_8u_AC4P2R=ippcc
ippiBGRToYCbCr420_709CSC_8u_AC4P3R=ippcc
ippiBGRToYCbCr420_709CSC_8u_C3P2R=ippcc
ippiBGRToYCbCr420_709CSC_8u_C3P3R=ippcc
ippiBGRToYCbCr420_709HDTV_8u_AC4P3R=ippcc
ippiBGRToYCbCr420_8u_AC4P2R=ippcc
ippiBGRToYCbCr420_8u_AC4P3R=ippcc
ippiBGRToYCbCr420_8u_C3P2R=ippcc
ippiBGRToYCbCr420_8u_C3P3R=ippcc
ippiBGRToYCbCr422_8u_AC4C2R=ippcc
ippiBGRToYCbCr422_8u_AC4P3R=ippcc
ippiBGRToYCbCr422_8u_C3C2R=ippcc
ippiBGRToYCbCr422_8u_C3P3R=ippcc
ippiBGRToYCoCg_8u16s_C3P3R=ippcc
ippiBGRToYCoCg_8u16s_C4P3R=ippcc
ippiBGRToYCoCg_Rev_8u16s_C3P3R=ippcc
ippiBGRToYCoCg_Rev_8u16s_C4P3R=ippcc
ippiBGRToYCrCb420_709CSC_8u_AC4P3R=ippcc
ippiBGRToYCrCb420_709CSC_8u_C3P3R=ippcc
ippiBGRToYCrCb420_8u_AC4P3R=ippcc
ippiBGRToYCrCb420_8u_C3P3R=ippcc
ippiBGRToYUV420_8u_AC4P3R=ippcc
ippiCFAToBGRA_VNG_16u_C1C4R=ippcc
ippiCFAToBGRA_VNG_16u_C1C4R_L=ippcc
ippiCFAToBGRA_VNG_8u_C1C4R=ippcc
ippiCFAToBGRA_VNG_8u_C1C4R_L=ippcc
ippiCFAToRGB_16u_C1C3R=ippcc
ippiCFAToRGB_8u_C1C3R=ippcc
ippiCbYCr422ToBGR_709HDTV_8u_C2C3R=ippcc
ippiCbYCr422ToBGR_709HDTV_8u_C2C4R=ippcc
ippiCbYCr422ToBGR_8u_C2C4R=ippcc
ippiCbYCr422ToRGB_8u_C2C3R=ippcc
ippiCbYCr422ToYCbCr411_8u_C2P3R=ippcc
ippiCbYCr422ToYCbCr420_8u_C2P2R=ippcc
ippiCbYCr422ToYCbCr420_8u_C2P3R=ippcc
ippiCbYCr422ToYCbCr420_Interlace_8u_C2P3R=ippcc
ippiCbYCr422ToYCbCr422_8u_C2P3R=ippcc
ippiCbYCr422ToYCbCr422_8u_C2R=ippcc
ippiCbYCr422ToYCrCb420_8u_C2P3R=ippcc
ippiColorToGray_16s_AC4C1R=ippcc
ippiColorToGray_16s_C3C1R=ippcc
ippiColorToGray_16u_AC4C1R=ippcc
ippiColorToGray_16u_C3C1R=ippcc
ippiColorToGray_32f_AC4C1R=ippcc
ippiColorToGray_32f_C3C1R=ippcc
ippiColorToGray_64f_AC4C1R=ippcc
ippiColorToGray_64f_C3C1R=ippcc
ippiColorToGray_8u_AC4C1R=ippcc
ippiColorToGray_8u_C3C1R=ippcc
ippiColorTwist32f_16s_AC4IR=ippcc
ippiColorTwist32f_16s_AC4R=ippcc
ippiColorTwist32f_16s_C3IR=ippcc
ippiColorTwist32f_16s_C3R=ippcc
ippiColorTwist32f_16s_IP3R=ippcc
ippiColorTwist32f_16s_P3R=ippcc
ippiColorTwist32f_16u_AC4IR=ippcc
ippiColorTwist32f_16u_AC4R=ippcc
ippiColorTwist32f_16u_C3IR=ippcc
ippiColorTwist32f_16u_C3R=ippcc
ippiColorTwist32f_16u_IP3R=ippcc
ippiColorTwist32f_16u_P3R=ippcc
ippiColorTwist32f_8u_AC4IR=ippcc
ippiColorTwist32f_8u_AC4R=ippcc
ippiColorTwist32f_8u_C3IR=ippcc
ippiColorTwist32f_8u_C3R=ippcc
ippiColorTwist32f_8u_IP3R=ippcc
ippiColorTwist32f_8u_P3R=ippcc
ippiColorTwist_32f_AC4IR=ippcc
ippiColorTwist_32f_AC4R=ippcc
ippiColorTwist_32f_C3IR=ippcc
ippiColorTwist_32f_C3R=ippcc
ippiColorTwist_32f_C4R=ippcc
ippiColorTwist_32f_IP3R=ippcc
ippiColorTwist_32f_P3R=ippcc
ippiDemosaicAHD_16u_C1C3R=ippcc
ippiDemosaicAHD_8u_C1C3R=ippcc
ippiGammaFwd_16u_AC4IR=ippcc
ippiGammaFwd_16u_AC4R=ippcc
ippiGammaFwd_16u_C3IR=ippcc
ippiGammaFwd_16u_C3R=ippcc
ippiGammaFwd_16u_IP3R=ippcc
ippiGammaFwd_16u_P3R=ippcc
ippiGammaFwd_32f_AC4IR=ippcc
ippiGammaFwd_32f_AC4R=ippcc
ippiGammaFwd_32f_C3IR=ippcc
ippiGammaFwd_32f_C3R=ippcc
ippiGammaFwd_32f_IP3R=ippcc
ippiGammaFwd_32f_P3R=ippcc
ippiGammaFwd_8u_AC4IR=ippcc
ippiGammaFwd_8u_AC4R=ippcc
ippiGammaFwd_8u_C3IR=ippcc
ippiGammaFwd_8u_C3R=ippcc
ippiGammaFwd_8u_IP3R=ippcc
ippiGammaFwd_8u_P3R=ippcc
ippiGammaInv_16u_AC4IR=ippcc
ippiGammaInv_16u_AC4R=ippcc
ippiGammaInv_16u_C3IR=ippcc
ippiGammaInv_16u_C3R=ippcc
ippiGammaInv_16u_IP3R=ippcc
ippiGammaInv_16u_P3R=ippcc
ippiGammaInv_32f_AC4IR=ippcc
ippiGammaInv_32f_AC4R=ippcc
ippiGammaInv_32f_C3IR=ippcc
ippiGammaInv_32f_C3R=ippcc
ippiGammaInv_32f_IP3R=ippcc
ippiGammaInv_32f_P3R=ippcc
ippiGammaInv_8u_AC4IR=ippcc
ippiGammaInv_8u_AC4R=ippcc
ippiGammaInv_8u_C3IR=ippcc
ippiGammaInv_8u_C3R=ippcc
ippiGammaInv_8u_IP3R=ippcc
ippiGammaInv_8u_P3R=ippcc
ippiGrayToRGB_16u_C1C3R=ippcc
ippiGrayToRGB_16u_C1C4R=ippcc
ippiGrayToRGB_32f_C1C3R=ippcc
ippiGrayToRGB_32f_C1C4R=ippcc
ippiGrayToRGB_8u_C1C3R=ippcc
ippiGrayToRGB_8u_C1C4R=ippcc
ippiHLSToBGR_8u_AC4P4R=ippcc
ippiHLSToBGR_8u_AP4C4R=ippcc
ippiHLSToBGR_8u_AP4R=ippcc
ippiHLSToBGR_8u_C3P3R=ippcc
ippiHLSToBGR_8u_P3C3R=ippcc
ippiHLSToBGR_8u_P3R=ippcc
ippiHLSToRGB_16s_AC4R=ippcc
ippiHLSToRGB_16s_C3R=ippcc
ippiHLSToRGB_16u_AC4R=ippcc
ippiHLSToRGB_16u_C3R=ippcc
ippiHLSToRGB_32f_AC4R=ippcc
ippiHLSToRGB_32f_C3R=ippcc
ippiHLSToRGB_8u_AC4R=ippcc
ippiHLSToRGB_8u_C3R=ippcc
ippiHSVToRGB_16u_AC4R=ippcc
ippiHSVToRGB_16u_C3R=ippcc
ippiHSVToRGB_8u_AC4R=ippcc
ippiHSVToRGB_8u_C3R=ippcc
ippiLUVToBGR_32f_C3R=ippcc
ippiLUVToBGR_8u_C3R=ippcc
ippiLUVToRGB_16s_AC4R=ippcc
ippiLUVToRGB_16s_C3R=ippcc
ippiLUVToRGB_16u_AC4R=ippcc
ippiLUVToRGB_16u_C3R=ippcc
ippiLUVToRGB_32f_AC4R=ippcc
ippiLUVToRGB_32f_C3R=ippcc
ippiLUVToRGB_8u_AC4R=ippcc
ippiLUVToRGB_8u_C3R=ippcc
ippiLabToBGR_16u8u_C3R=ippcc
ippiLabToBGR_32f_C3R=ippcc
ippiLabToBGR_8u_C3R=ippcc
ippiLabToRGB_32f_C3R=ippcc
ippiLabToRGB_32f_P3R=ippcc
ippiLabToRGB_32f_P3R_L=ippcc
ippiLabToRGB_64f_P3R=ippcc
ippiLabToRGB_64f_P3R_L=ippcc
ippiLabToRGB_8u_C3R=ippcc
ippiPack_16u12u_C1R=ippcc
ippiRGBToCbYCr422Gamma_8u_C3C2R=ippcc
ippiRGBToCbYCr422_8u_C3C2R=ippcc
ippiRGBToGray_16s_AC4C1R=ippcc
ippiRGBToGray_16s_C3C1R=ippcc
ippiRGBToGray_16u_AC4C1R=ippcc
ippiRGBToGray_16u_C3C1R=ippcc
ippiRGBToGray_32f_AC4C1R=ippcc
ippiRGBToGray_32f_C3C1R=ippcc
ippiRGBToGray_8u_AC4C1R=ippcc
ippiRGBToGray_8u_C3C1R=ippcc
ippiRGBToHLS_16s_AC4R=ippcc
ippiRGBToHLS_16s_C3R=ippcc
ippiRGBToHLS_16u_AC4R=ippcc
ippiRGBToHLS_16u_C3R=ippcc
ippiRGBToHLS_32f_AC4R=ippcc
ippiRGBToHLS_32f_C3R=ippcc
ippiRGBToHLS_8u_AC4R=ippcc
ippiRGBToHLS_8u_C3R=ippcc
ippiRGBToHSV_16u_AC4R=ippcc
ippiRGBToHSV_16u_C3R=ippcc
ippiRGBToHSV_8u_AC4R=ippcc
ippiRGBToHSV_8u_C3R=ippcc
ippiRGBToLUV_16s_AC4R=ippcc
ippiRGBToLUV_16s_C3R=ippcc
ippiRGBToLUV_16u_AC4R=ippcc
ippiRGBToLUV_16u_C3R=ippcc
ippiRGBToLUV_32f_AC4R=ippcc
ippiRGBToLUV_32f_C3R=ippcc
ippiRGBToLUV_8u_AC4R=ippcc
ippiRGBToLUV_8u_C3R=ippcc
ippiRGBToLab_32f_C3R=ippcc
ippiRGBToLab_32f_P3R=ippcc
ippiRGBToLab_32f_P3R_L=ippcc
ippiRGBToLab_64f_P3R=ippcc
ippiRGBToLab_64f_P3R_L=ippcc
ippiRGBToLab_8u_C3R=ippcc
ippiRGBToXYZ_16s_AC4R=ippcc
ippiRGBToXYZ_16s_C3R=ippcc
ippiRGBToXYZ_16u_AC4R=ippcc
ippiRGBToXYZ_16u_C3R=ippcc
ippiRGBToXYZ_32f_AC4R=ippcc
ippiRGBToXYZ_32f_C3R=ippcc
ippiRGBToXYZ_8u_AC4R=ippcc
ippiRGBToXYZ_8u_C3R=ippcc
ippiRGBToYCC_16s_AC4R=ippcc
ippiRGBToYCC_16s_C3R=ippcc
ippiRGBToYCC_16u_AC4R=ippcc
ippiRGBToYCC_16u_C3R=ippcc
ippiRGBToYCC_32f_AC4R=ippcc
ippiRGBToYCC_32f_C3R=ippcc
ippiRGBToYCC_8u_AC4R=ippcc
ippiRGBToYCC_8u_C3R=ippcc
ippiRGBToYCbCr420_8u_C3P2R=ippcc
ippiRGBToYCbCr420_8u_C3P3R=ippcc
ippiRGBToYCbCr420_8u_C4P2R=ippcc
ippiRGBToYCbCr422_8u_C3C2R=ippcc
ippiRGBToYCbCr422_8u_C3P3R=ippcc
ippiRGBToYCbCr422_8u_P3C2R=ippcc
ippiRGBToYCbCr_8u_AC4P3R=ippcc
ippiRGBToYCbCr_8u_AC4R=ippcc
ippiRGBToYCbCr_8u_C3P3R=ippcc
ippiRGBToYCbCr_8u_C3R=ippcc
ippiRGBToYCbCr_8u_P3R=ippcc
ippiRGBToYCoCg_8u_C3P3R=ippcc
ippiRGBToYCrCb420_8u_AC4P3R=ippcc
ippiRGBToYCrCb422_8u_C3C2R=ippcc
ippiRGBToYCrCb422_8u_P3C2R=ippcc
ippiRGBToYUV420_8u_C3P3=ippcc
ippiRGBToYUV420_8u_C3P3R=ippcc
ippiRGBToYUV420_8u_P3=ippcc
ippiRGBToYUV420_8u_P3R=ippcc
ippiRGBToYUV422_8u_C3C2R=ippcc
ippiRGBToYUV422_8u_C3P3=ippcc
ippiRGBToYUV422_8u_C3P3R=ippcc
ippiRGBToYUV422_8u_P3=ippcc
ippiRGBToYUV422_8u_P3R=ippcc
ippiRGBToYUV_8u_AC4P4R=ippcc
ippiRGBToYUV_8u_AC4R=ippcc
ippiRGBToYUV_8u_C3P3R=ippcc
ippiRGBToYUV_8u_C3R=ippcc
ippiRGBToYUV_8u_P3R=ippcc
ippiReduceBitsGetBufferSize=ippcc
ippiReduceBits_16s8u_AC4R=ippcc
ippiReduceBits_16s8u_C1R=ippcc
ippiReduceBits_16s8u_C3R=ippcc
ippiReduceBits_16s8u_C4R=ippcc
ippiReduceBits_16s_AC4R=ippcc
ippiReduceBits_16s_C1R=ippcc
ippiReduceBits_16s_C3R=ippcc
ippiReduceBits_16s_C4R=ippcc
ippiReduceBits_16u8u_AC4R=ippcc
ippiReduceBits_16u8u_C1R=ippcc
ippiReduceBits_16u8u_C3R=ippcc
ippiReduceBits_16u8u_C4R=ippcc
ippiReduceBits_16u_AC4R=ippcc
ippiReduceBits_16u_C1R=ippcc
ippiReduceBits_16u_C3R=ippcc
ippiReduceBits_16u_C4R=ippcc
ippiReduceBits_32f16s_AC4R=ippcc
ippiReduceBits_32f16s_C1R=ippcc
ippiReduceBits_32f16s_C3R=ippcc
ippiReduceBits_32f16s_C4R=ippcc
ippiReduceBits_32f16u_AC4R=ippcc
ippiReduceBits_32f16u_C1R=ippcc
ippiReduceBits_32f16u_C3R=ippcc
ippiReduceBits_32f16u_C4R=ippcc
ippiReduceBits_32f8u_AC4R=ippcc
ippiReduceBits_32f8u_C1R=ippcc
ippiReduceBits_32f8u_C3R=ippcc
ippiReduceBits_32f8u_C4R=ippcc
ippiReduceBits_8u1u_C1R=ippcc
ippiReduceBits_8u_AC4R=ippcc
ippiReduceBits_8u_C1R=ippcc
ippiReduceBits_8u_C3R=ippcc
ippiReduceBits_8u_C4R=ippcc
ippiSBGRToYCoCg_16s32s_C3P3R=ippcc
ippiSBGRToYCoCg_16s32s_C4P3R=ippcc
ippiSBGRToYCoCg_16s_C3P3R=ippcc
ippiSBGRToYCoCg_16s_C4P3R=ippcc
ippiSBGRToYCoCg_Rev_16s32s_C3P3R=ippcc
ippiSBGRToYCoCg_Rev_16s32s_C4P3R=ippcc
ippiSBGRToYCoCg_Rev_16s_C3P3R=ippcc
ippiSBGRToYCoCg_Rev_16s_C4P3R=ippcc
ippiToneMapLinear_32f8u_C1R=ippcc
ippiToneMapMean_32f8u_C1R=ippcc
ippiUnpack_12u16u_C1R=ippcc
ippiXYZToRGB_16s_AC4R=ippcc
ippiXYZToRGB_16s_C3R=ippcc
ippiXYZToRGB_16u_AC4R=ippcc
ippiXYZToRGB_16u_C3R=ippcc
ippiXYZToRGB_32f_AC4R=ippcc
ippiXYZToRGB_32f_C3R=ippcc
ippiXYZToRGB_8u_AC4R=ippcc
ippiXYZToRGB_8u_C3R=ippcc
ippiYCCToRGB_16s_AC4R=ippcc
ippiYCCToRGB_16s_C3R=ippcc
ippiYCCToRGB_16u_AC4R=ippcc
ippiYCCToRGB_16u_C3R=ippcc
ippiYCCToRGB_32f_AC4R=ippcc
ippiYCCToRGB_32f_C3R=ippcc
ippiYCCToRGB_8u_AC4R=ippcc
ippiYCCToRGB_8u_C3R=ippcc
ippiYCbCr1620To420_8u_P3R=ippcc
ippiYCbCr411To420_8u_P3R=ippcc
ippiYCbCr411ToBGR_8u_P3C3R=ippcc
ippiYCbCr411ToBGR_8u_P3C4R=ippcc
ippiYCbCr411ToYCbCr420_8u_P2P3R=ippcc
ippiYCbCr411ToYCbCr420_8u_P3P2R=ippcc
ippiYCbCr411ToYCbCr420_8u_P3R=ippcc
ippiYCbCr411ToYCbCr422_8u_P2C2R=ippcc
ippiYCbCr411ToYCbCr422_8u_P2P3R=ippcc
ippiYCbCr411ToYCbCr422_8u_P3C2R=ippcc
ippiYCbCr411ToYCbCr422_8u_P3R=ippcc
ippiYCbCr411ToYCrCb420_8u_P2P3R=ippcc
ippiYCbCr411ToYCrCb422_8u_P3C2R=ippcc
ippiYCbCr411ToYCrCb422_8u_P3R=ippcc
ippiYCbCr411_8u_P2P3R=ippcc
ippiYCbCr411_8u_P3P2R=ippcc
ippiYCbCr420To1620_8u_P3R=ippcc
ippiYCbCr420To411_8u_P3R=ippcc
ippiYCbCr420To422_Interlace_8u_P3R=ippcc
ippiYCbCr420ToBGR_709CSC_8u_P3C3R=ippcc
ippiYCbCr420ToBGR_709HDTV_8u_P3C4R=ippcc
ippiYCbCr420ToBGR_8u_P2C3R=ippcc
ippiYCbCr420ToBGR_8u_P2C4R=ippcc
ippiYCbCr420ToBGR_8u_P3C3R=ippcc
ippiYCbCr420ToBGR_8u_P3C4R=ippcc
ippiYCbCr420ToCbYCr422_8u_P2C2R=ippcc
ippiYCbCr420ToCbYCr422_Interlace_8u_P3C2R=ippcc
ippiYCbCr420ToRGB_8u_P2C3R=ippcc
ippiYCbCr420ToRGB_8u_P2C4R=ippcc
ippiYCbCr420ToRGB_8u_P3C3R=ippcc
ippiYCbCr420ToYCbCr411_8u_P2P3R=ippcc
ippiYCbCr420ToYCbCr411_8u_P3P2R=ippcc
ippiYCbCr420ToYCbCr422_8u_P2C2R=ippcc
ippiYCbCr420ToYCbCr422_8u_P2P3R=ippcc
ippiYCbCr420ToYCbCr422_8u_P3R=ippcc
ippiYCbCr420ToYCbCr422_Filter_8u_P2C2R=ippcc
ippiYCbCr420ToYCbCr422_Filter_8u_P2P3R=ippcc
ippiYCbCr420ToYCbCr422_Filter_8u_P3R=ippcc
ippiYCbCr420ToYCrCb420_8u_P2P3R=ippcc
ippiYCbCr420ToYCrCb420_Filter_8u_P2P3R=ippcc
ippiYCbCr420_8u_P2P3R=ippcc
ippiYCbCr420_8u_P3P2R=ippcc
ippiYCbCr422To420_Interlace_8u_P3R=ippcc
ippiYCbCr422ToBGR_8u_C2C3R=ippcc
ippiYCbCr422ToBGR_8u_C2C4R=ippcc
ippiYCbCr422ToBGR_8u_P3C3R=ippcc
ippiYCbCr422ToCbYCr422_8u_C2R=ippcc
ippiYCbCr422ToCbYCr422_8u_P3C2R=ippcc
ippiYCbCr422ToGray_8u_C2C1R=ippcc
ippiYCbCr422ToRGB_8u_C2C3R=ippcc
ippiYCbCr422ToRGB_8u_C2C4R=ippcc
ippiYCbCr422ToRGB_8u_C2P3R=ippcc
ippiYCbCr422ToRGB_8u_P3C3R=ippcc
ippiYCbCr422ToYCbCr411_8u_C2P2R=ippcc
ippiYCbCr422ToYCbCr411_8u_C2P3R=ippcc
ippiYCbCr422ToYCbCr411_8u_P3P2R=ippcc
ippiYCbCr422ToYCbCr411_8u_P3R=ippcc
ippiYCbCr422ToYCbCr420_8u_C2P2R=ippcc
ippiYCbCr422ToYCbCr420_8u_C2P3R=ippcc
ippiYCbCr422ToYCbCr420_8u_P3P2R=ippcc
ippiYCbCr422ToYCbCr420_8u_P3R=ippcc
ippiYCbCr422ToYCrCb420_8u_C2P2R=ippcc
ippiYCbCr422ToYCrCb420_8u_C2P3R=ippcc
ippiYCbCr422ToYCrCb422_8u_C2R=ippcc
ippiYCbCr422ToYCrCb422_8u_P3C2R=ippcc
ippiYCbCr422_8u_C2P3R=ippcc
ippiYCbCr422_8u_P3C2R=ippcc
ippiYCbCrToBGR_709CSC_8u_P3C3R=ippcc
ippiYCbCrToBGR_709CSC_8u_P3C4R=ippcc
ippiYCbCrToBGR_8u_P3C3R=ippcc
ippiYCbCrToBGR_8u_P3C4R=ippcc
ippiYCbCrToRGB_8u_AC4R=ippcc
ippiYCbCrToRGB_8u_C3R=ippcc
ippiYCbCrToRGB_8u_P3C3R=ippcc
ippiYCbCrToRGB_8u_P3C4R=ippcc
ippiYCbCrToRGB_8u_P3R=ippcc
ippiYCoCgToBGR_16s8u_P3C3R=ippcc
ippiYCoCgToBGR_16s8u_P3C4R=ippcc
ippiYCoCgToBGR_Rev_16s8u_P3C3R=ippcc
ippiYCoCgToBGR_Rev_16s8u_P3C4R=ippcc
ippiYCoCgToRGB_8u_P3C3R=ippcc
ippiYCoCgToSBGR_16s_P3C3R=ippcc
ippiYCoCgToSBGR_16s_P3C4R=ippcc
ippiYCoCgToSBGR_32s16s_P3C3R=ippcc
ippiYCoCgToSBGR_32s16s_P3C4R=ippcc
ippiYCoCgToSBGR_Rev_16s_P3C3R=ippcc
ippiYCoCgToSBGR_Rev_16s_P3C4R=ippcc
ippiYCoCgToSBGR_Rev_32s16s_P3C3R=ippcc
ippiYCoCgToSBGR_Rev_32s16s_P3C4R=ippcc
ippiYCrCb420ToBGR_8u_P2C3R=ippcc
ippiYCrCb420ToBGR_8u_P2C4R=ippcc
ippiYCrCb420ToBGR_Filter_8u_P3C4R=ippcc
ippiYCrCb420ToCbYCr422_8u_P3C2R=ippcc
ippiYCrCb420ToRGB_8u_P2C3R=ippcc
ippiYCrCb420ToRGB_8u_P2C4R=ippcc
ippiYCrCb420ToRGB_8u_P3C4R=ippcc
ippiYCrCb420ToYCbCr411_8u_P3P2R=ippcc
ippiYCrCb420ToYCbCr420_8u_P3P2R=ippcc
ippiYCrCb420ToYCbCr422_8u_P3C2R=ippcc
ippiYCrCb420ToYCbCr422_8u_P3R=ippcc
ippiYCrCb420ToYCbCr422_Filter_8u_P3R=ippcc
ippiYCrCb422ToBGR_8u_C2C3R=ippcc
ippiYCrCb422ToBGR_8u_C2C4R=ippcc
ippiYCrCb422ToRGB_8u_C2C3R=ippcc
ippiYCrCb422ToRGB_8u_C2C4R=ippcc
ippiYCrCb422ToRGB_8u_C2P3R=ippcc
ippiYCrCb422ToYCbCr411_8u_C2P3R=ippcc
ippiYCrCb422ToYCbCr420_8u_C2P3R=ippcc
ippiYCrCb422ToYCbCr422_8u_C2P3R=ippcc
ippiYUV420ToBGR_8u_P3C3R=ippcc
ippiYUV420ToRGB_8u_P3=ippcc
ippiYUV420ToRGB_8u_P3AC4R=ippcc
ippiYUV420ToRGB_8u_P3C3=ippcc
ippiYUV420ToRGB_8u_P3C3R=ippcc
ippiYUV420ToRGB_8u_P3R=ippcc
ippiYUV422ToRGB_8u_C2C3R=ippcc
ippiYUV422ToRGB_8u_P3=ippcc
ippiYUV422ToRGB_8u_P3AC4R=ippcc
ippiYUV422ToRGB_8u_P3C3=ippcc
ippiYUV422ToRGB_8u_P3C3R=ippcc
ippiYUV422ToRGB_8u_P3R=ippcc
ippiYUV422v210ToBGR_709HDTV_32u16u_C3=ippcc
ippiYUV422v210ToGray_709HDTV_32u16u_C3C1=ippcc
ippiYUV422v210ToRGB_709HDTV_32u16u_C3=ippcc
ippiYUVToRGB_8u_AC4R=ippcc
ippiYUVToRGB_8u_C3C4R=ippcc
ippiYUVToRGB_8u_C3R=ippcc
ippiYUVToRGB_8u_P3C3R=ippcc
ippiYUVToRGB_8u_P3R=ippcc
