ippAlignPtr=ippcore
ippCheckDispatcherABI=ippcore
ippCheckDispatcherInitABI=ippcore
ippFpuSsx4TS=ippcore
ippFree=ippcore
ippGetCacheParams=ippcore
ippGetCpuClocks=ippcore
ippGetCpuFeatures=ippcore
ippGetCpuFreqMhz=ippcore
ippGetEnabledCpuFeatures=ippcore
ippGetL2CacheSize=ippcore
ippGetLibVersion=ippcore
ippGetMaxCacheSizeB=ippcore
ippGetNumThreads=ippcore
ippGetStatusString=ippcore
ippInit=ippcore
ippMalloc=ippcore
ippMalloc_L=ippcore
ippSetCpuFeatures=ippcore
ippSetCpuFeaturesMask=ippcore
ippSetDenormAreZeros=ippcore
ippSetFlushToZero=ippcore
ippSetNumThreads=ippcore
ippStartTsc=ippcore
ippStartTscp=ippcore
ippStopTsc=ippcore
ippStopTscp=ippcore
ipp_get_cache_line_size=ippcore
ownGetFeature=ippcore
ownRegisterLib=ippcore
ownUnregisterLib=ippcore
