ippcvGetLibVersion=ippcv
ippiAbsDiffC_16u_C1R=ippcv
ippiAbsDiffC_32f_C1R=ippcv
ippiAbsDiffC_8u_C1R=ippcv
ippiAbsDiff_16u_C1R=ippcv
ippiAbsDiff_32f_C1R=ippcv
ippiAbsDiff_8u_C1R=ippcv
ippiAbsDiff_8u_C3R=ippcv
ippiAddProduct_16u32f_C1IMR=ippcv
ippiAddProduct_16u32f_C1IR=ippcv
ippiAddProduct_32f_C1IMR=ippcv
ippiAddProduct_32f_C1IR=ippcv
ippiAddProduct_8u32f_C1IMR=ippcv
ippiAddProduct_8u32f_C1IR=ippcv
ippiAddSquare_16u32f_C1IMR=ippcv
ippiAddSquare_16u32f_C1IR=ippcv
ippiAddSquare_32f_C1IMR=ippcv
ippiAddSquare_32f_C1IR=ippcv
ippiAddSquare_8u32f_C1IMR=ippcv
ippiAddSquare_8u32f_C1IR=ippcv
ippiAddWeighted_16u32f_C1IMR=ippcv
ippiAddWeighted_16u32f_C1IR=ippcv
ippiAddWeighted_32f_C1IMR=ippcv
ippiAddWeighted_32f_C1IR=ippcv
ippiAddWeighted_32f_C1R=ippcv
ippiAddWeighted_8u32f_C1IMR=ippcv
ippiAddWeighted_8u32f_C1IR=ippcv
ippiAdd_16u32f_C1IMR=ippcv
ippiAdd_16u32f_C1IR=ippcv
ippiAdd_32f_C1IMR=ippcv
ippiAdd_8u32f_C1IMR=ippcv
ippiAdd_8u32f_C1IR=ippcv
ippiApplyHaarClassifier_32f_C1R=ippcv
ippiApplyHaarClassifier_32s32f_C1R=ippcv
ippiApplyHaarClassifier_32s_C1RSfs=ippcv
ippiApplyMixedHaarClassifier_32f_C1R=ippcv
ippiApplyMixedHaarClassifier_32s32f_C1R=ippcv
ippiApplyMixedHaarClassifier_32s_C1RSfs=ippcv
ippiBoundSegments_16u_C1IR=ippcv
ippiBoundSegments_8u_C1IR=ippcv
ippiCannyBorderGetSize=ippcv
ippiCannyBorder_8u_C1R=ippcv
ippiCannyGetSize=ippcv
ippiCannyGetSize_L=ippcv
ippiCanny_16s8u_C1R=ippcv
ippiCanny_16s8u_C1R_L=ippcv
ippiCanny_32f8u_C1R=ippcv
ippiCanny_32f8u_C1R_L=ippcv
ippiCopySubpixIntersect_16u32f_C1R=ippcv
ippiCopySubpixIntersect_16u_C1R=ippcv
ippiCopySubpixIntersect_32f_C1R=ippcv
ippiCopySubpixIntersect_8u16u_C1R_Sfs=ippcv
ippiCopySubpixIntersect_8u32f_C1R=ippcv
ippiCopySubpixIntersect_8u_C1R=ippcv
ippiCopySubpix_16u32f_C1R=ippcv
ippiCopySubpix_16u_C1R=ippcv
ippiCopySubpix_32f_C1R=ippcv
ippiCopySubpix_8u16u_C1R_Sfs=ippcv
ippiCopySubpix_8u32f_C1R=ippcv
ippiCopySubpix_8u_C1R=ippcv
ippiCreateMapCameraUndistort_32f_C1R=ippcv
ippiDilateBorder_16s_C1R=ippcv
ippiDilateBorder_16u_C1R=ippcv
ippiDilateBorder_1u_C1R=ippcv
ippiDilateBorder_32f_C1R=ippcv
ippiDilateBorder_32f_C3R=ippcv
ippiDilateBorder_32f_C4R=ippcv
ippiDilateBorder_8u_C1R=ippcv
ippiDilateBorder_8u_C3R=ippcv
ippiDilateBorder_8u_C4R=ippcv
ippiDilateGetBufferSize_L=ippcv
ippiDilateGetSpecSize_L=ippcv
ippiDilateInit_L=ippcv
ippiDilate_16s_C1R_L=ippcv
ippiDilate_16u_C1R_L=ippcv
ippiDilate_1u_C1R_L=ippcv
ippiDilate_32f_C1R_L=ippcv
ippiDilate_32f_C3R_L=ippcv
ippiDilate_32f_C4R_L=ippcv
ippiDilate_8u_C1R_L=ippcv
ippiDilate_8u_C3R_L=ippcv
ippiDilate_8u_C4R_L=ippcv
ippiDistanceTransform_3x3_8u16u_C1R=ippcv
ippiDistanceTransform_3x3_8u32f_C1R=ippcv
ippiDistanceTransform_3x3_8u_C1IR=ippcv
ippiDistanceTransform_3x3_8u_C1R=ippcv
ippiDistanceTransform_5x5_8u16u_C1R=ippcv
ippiDistanceTransform_5x5_8u32f_C1R=ippcv
ippiDistanceTransform_5x5_8u_C1IR=ippcv
ippiDistanceTransform_5x5_8u_C1R=ippcv
ippiEigenValsVecsBorder_32f_C1R=ippcv
ippiEigenValsVecsBorder_8u32f_C1R=ippcv
ippiEigenValsVecsGetBufferSize_32f_C1R=ippcv
ippiEigenValsVecsGetBufferSize_8u32f_C1R=ippcv
ippiEigenValsVecs_32f_C1R=ippcv
ippiEigenValsVecs_8u32f_C1R=ippcv
ippiErodeBorder_16s_C1R=ippcv
ippiErodeBorder_16u_C1R=ippcv
ippiErodeBorder_1u_C1R=ippcv
ippiErodeBorder_32f_C1R=ippcv
ippiErodeBorder_32f_C3R=ippcv
ippiErodeBorder_32f_C4R=ippcv
ippiErodeBorder_8u_C1R=ippcv
ippiErodeBorder_8u_C3R=ippcv
ippiErodeBorder_8u_C4R=ippcv
ippiErodeGetBufferSize_L=ippcv
ippiErodeGetSpecSize_L=ippcv
ippiErodeInit_L=ippcv
ippiErode_16s_C1R_L=ippcv
ippiErode_16u_C1R_L=ippcv
ippiErode_1u_C1R_L=ippcv
ippiErode_32f_C1R_L=ippcv
ippiErode_32f_C3R_L=ippcv
ippiErode_32f_C4R_L=ippcv
ippiErode_8u_C1R_L=ippcv
ippiErode_8u_C3R_L=ippcv
ippiErode_8u_C4R_L=ippcv
ippiFGMMBackground_8u_C3R=ippcv
ippiFGMMForeground_8u_C3R=ippcv
ippiFGMMGetBufferSize_8u_C3R=ippcv
ippiFGMMInit_8u_C3R=ippcv
ippiFastMarchingGetBufferSize_8u32f_C1R=ippcv
ippiFastMarching_8u32f_C1R=ippcv
ippiFastN2DToVec_8u=ippcv
ippiFastNGetBufferSize=ippcv
ippiFastNGetSize=ippcv
ippiFastNInit=ippcv
ippiFastN_8u_C1R=ippcv
ippiFilterColumnPipelineGetBufferSize_16s8s_C1R=ippcv
ippiFilterColumnPipelineGetBufferSize_16s8s_C3R=ippcv
ippiFilterColumnPipelineGetBufferSize_16s8u_C1R=ippcv
ippiFilterColumnPipelineGetBufferSize_16s8u_C3R=ippcv
ippiFilterColumnPipelineGetBufferSize_16s_C1R=ippcv
ippiFilterColumnPipelineGetBufferSize_16s_C3R=ippcv
ippiFilterColumnPipelineGetBufferSize_16u_C1R=ippcv
ippiFilterColumnPipelineGetBufferSize_16u_C3R=ippcv
ippiFilterColumnPipelineGetBufferSize_32f_C1R=ippcv
ippiFilterColumnPipelineGetBufferSize_32f_C3R=ippcv
ippiFilterColumnPipelineGetBufferSize_Low_16s_C1R=ippcv
ippiFilterColumnPipelineGetBufferSize_Low_16s_C3R=ippcv
ippiFilterColumnPipeline_16s8s_C1R=ippcv
ippiFilterColumnPipeline_16s8s_C3R=ippcv
ippiFilterColumnPipeline_16s8u_C1R=ippcv
ippiFilterColumnPipeline_16s8u_C3R=ippcv
ippiFilterColumnPipeline_16s_C1R=ippcv
ippiFilterColumnPipeline_16s_C3R=ippcv
ippiFilterColumnPipeline_16u_C1R=ippcv
ippiFilterColumnPipeline_16u_C3R=ippcv
ippiFilterColumnPipeline_32f_C1R=ippcv
ippiFilterColumnPipeline_32f_C3R=ippcv
ippiFilterColumnPipeline_Low_16s_C1R=ippcv
ippiFilterColumnPipeline_Low_16s_C3R=ippcv
ippiFilterGaussianBorder_16s_C1R=ippcv
ippiFilterGaussianBorder_16s_C3R=ippcv
ippiFilterGaussianBorder_16u_C1R=ippcv
ippiFilterGaussianBorder_16u_C3R=ippcv
ippiFilterGaussianBorder_32f_C1R=ippcv
ippiFilterGaussianBorder_32f_C3R=ippcv
ippiFilterGaussianBorder_8u_C1R=ippcv
ippiFilterGaussianBorder_8u_C3R=ippcv
ippiFilterGaussianGetBufferSize=ippcv
ippiFilterGaussianGetBufferSize_L=ippcv
ippiFilterGaussianGetSpecSize=ippcv
ippiFilterGaussianGetSpecSize_L=ippcv
ippiFilterGaussianInit=ippcv
ippiFilterGaussianInit_L=ippcv
ippiFilterGaussian_16s_C1R=ippcv
ippiFilterGaussian_16s_C1R_L=ippcv
ippiFilterGaussian_16s_C3R=ippcv
ippiFilterGaussian_16s_C3R_L=ippcv
ippiFilterGaussian_16u_C1R=ippcv
ippiFilterGaussian_16u_C1R_L=ippcv
ippiFilterGaussian_16u_C3R=ippcv
ippiFilterGaussian_16u_C3R_L=ippcv
ippiFilterGaussian_32f_C1R=ippcv
ippiFilterGaussian_32f_C1R_L=ippcv
ippiFilterGaussian_32f_C3R=ippcv
ippiFilterGaussian_32f_C3R_L=ippcv
ippiFilterGaussian_8u_C1R=ippcv
ippiFilterGaussian_8u_C1R_L=ippcv
ippiFilterGaussian_8u_C3R=ippcv
ippiFilterGaussian_8u_C3R_L=ippcv
ippiFilterLaplacianBorder_32f_C1R=ippcv
ippiFilterLaplacianBorder_8u16s_C1R=ippcv
ippiFilterLaplacianGetBufferSize_32f_C1R=ippcv
ippiFilterLaplacianGetBufferSize_8u16s_C1R=ippcv
ippiFilterLowpassBorder_32f_C1R=ippcv
ippiFilterLowpassBorder_8u_C1R=ippcv
ippiFilterLowpassGetBufferSize_32f_C1R=ippcv
ippiFilterLowpassGetBufferSize_8u_C1R=ippcv
ippiFilterRowBorderPipelineGetBufferSize_16s_C1R=ippcv
ippiFilterRowBorderPipelineGetBufferSize_16s_C3R=ippcv
ippiFilterRowBorderPipelineGetBufferSize_16u_C1R=ippcv
ippiFilterRowBorderPipelineGetBufferSize_16u_C3R=ippcv
ippiFilterRowBorderPipelineGetBufferSize_32f_C1R=ippcv
ippiFilterRowBorderPipelineGetBufferSize_32f_C3R=ippcv
ippiFilterRowBorderPipelineGetBufferSize_8u16s_C1R=ippcv
ippiFilterRowBorderPipelineGetBufferSize_8u16s_C3R=ippcv
ippiFilterRowBorderPipelineGetBufferSize_Low_16s_C1R=ippcv
ippiFilterRowBorderPipelineGetBufferSize_Low_16s_C3R=ippcv
ippiFilterRowBorderPipeline_16s_C1R=ippcv
ippiFilterRowBorderPipeline_16s_C3R=ippcv
ippiFilterRowBorderPipeline_16u_C1R=ippcv
ippiFilterRowBorderPipeline_16u_C3R=ippcv
ippiFilterRowBorderPipeline_32f_C1R=ippcv
ippiFilterRowBorderPipeline_32f_C3R=ippcv
ippiFilterRowBorderPipeline_8u16s_C1R=ippcv
ippiFilterRowBorderPipeline_8u16s_C3R=ippcv
ippiFilterRowBorderPipeline_Low_16s_C1R=ippcv
ippiFilterRowBorderPipeline_Low_16s_C3R=ippcv
ippiFilterSeparableGetBufferSize=ippcv
ippiFilterSeparableGetBufferSize_L=ippcv
ippiFilterSeparableGetSpecSize=ippcv
ippiFilterSeparableGetSpecSize_L=ippcv
ippiFilterSeparableInit_16s=ippcv
ippiFilterSeparableInit_16s_L=ippcv
ippiFilterSeparableInit_32f=ippcv
ippiFilterSeparableInit_32f_L=ippcv
ippiFilterSeparable_16s_C1R=ippcv
ippiFilterSeparable_16s_C1R_L=ippcv
ippiFilterSeparable_16s_C3R=ippcv
ippiFilterSeparable_16s_C3R_L=ippcv
ippiFilterSeparable_16s_C4R=ippcv
ippiFilterSeparable_16s_C4R_L=ippcv
ippiFilterSeparable_16u_C1R=ippcv
ippiFilterSeparable_16u_C1R_L=ippcv
ippiFilterSeparable_16u_C3R=ippcv
ippiFilterSeparable_16u_C3R_L=ippcv
ippiFilterSeparable_16u_C4R=ippcv
ippiFilterSeparable_16u_C4R_L=ippcv
ippiFilterSeparable_32f_C1R=ippcv
ippiFilterSeparable_32f_C1R_L=ippcv
ippiFilterSeparable_32f_C3R=ippcv
ippiFilterSeparable_32f_C3R_L=ippcv
ippiFilterSeparable_32f_C4R=ippcv
ippiFilterSeparable_32f_C4R_L=ippcv
ippiFilterSeparable_8u16s_C1R=ippcv
ippiFilterSeparable_8u16s_C1R_L=ippcv
ippiFilterSeparable_8u16s_C3R=ippcv
ippiFilterSeparable_8u16s_C3R_L=ippcv
ippiFilterSeparable_8u16s_C4R=ippcv
ippiFilterSeparable_8u16s_C4R_L=ippcv
ippiFilterSeparable_8u_C1R=ippcv
ippiFilterSeparable_8u_C1R_L=ippcv
ippiFilterSeparable_8u_C3R=ippcv
ippiFilterSeparable_8u_C3R_L=ippcv
ippiFilterSeparable_8u_C4R=ippcv
ippiFilterSeparable_8u_C4R_L=ippcv
ippiFilterSobelCrossBorder_32f_C1R=ippcv
ippiFilterSobelCrossBorder_8u16s_C1R=ippcv
ippiFilterSobelCrossGetBufferSize_32f_C1R=ippcv
ippiFilterSobelCrossGetBufferSize_8u16s_C1R=ippcv
ippiFindPeaks3x3GetBufferSize_32f_C1R=ippcv
ippiFindPeaks3x3GetBufferSize_32s_C1R=ippcv
ippiFindPeaks3x3_32f_C1R=ippcv
ippiFindPeaks3x3_32s_C1R=ippcv
ippiFloodFillGetSize=ippcv
ippiFloodFillGetSize_Grad=ippcv
ippiFloodFill_4Con_16u_C1IR=ippcv
ippiFloodFill_4Con_16u_C3IR=ippcv
ippiFloodFill_4Con_32f_C1IR=ippcv
ippiFloodFill_4Con_32f_C3IR=ippcv
ippiFloodFill_4Con_32s_C1IR=ippcv
ippiFloodFill_4Con_8u_C1IR=ippcv
ippiFloodFill_4Con_8u_C3IR=ippcv
ippiFloodFill_8Con_16u_C1IR=ippcv
ippiFloodFill_8Con_16u_C3IR=ippcv
ippiFloodFill_8Con_32f_C1IR=ippcv
ippiFloodFill_8Con_32f_C3IR=ippcv
ippiFloodFill_8Con_32s_C1IR=ippcv
ippiFloodFill_8Con_8u_C1IR=ippcv
ippiFloodFill_8Con_8u_C3IR=ippcv
ippiFloodFill_Grad4Con_16u_C1IR=ippcv
ippiFloodFill_Grad4Con_16u_C3IR=ippcv
ippiFloodFill_Grad4Con_32f_C1IR=ippcv
ippiFloodFill_Grad4Con_32f_C3IR=ippcv
ippiFloodFill_Grad4Con_8u_C1IR=ippcv
ippiFloodFill_Grad4Con_8u_C3IR=ippcv
ippiFloodFill_Grad8Con_16u_C1IR=ippcv
ippiFloodFill_Grad8Con_16u_C3IR=ippcv
ippiFloodFill_Grad8Con_32f_C1IR=ippcv
ippiFloodFill_Grad8Con_32f_C3IR=ippcv
ippiFloodFill_Grad8Con_8u_C1IR=ippcv
ippiFloodFill_Grad8Con_8u_C3IR=ippcv
ippiFloodFill_Range4Con_16u_C1IR=ippcv
ippiFloodFill_Range4Con_16u_C3IR=ippcv
ippiFloodFill_Range4Con_32f_C1IR=ippcv
ippiFloodFill_Range4Con_32f_C3IR=ippcv
ippiFloodFill_Range4Con_8u_C1IR=ippcv
ippiFloodFill_Range4Con_8u_C3IR=ippcv
ippiFloodFill_Range8Con_16u_C1IR=ippcv
ippiFloodFill_Range8Con_16u_C3IR=ippcv
ippiFloodFill_Range8Con_32f_C1IR=ippcv
ippiFloodFill_Range8Con_32f_C3IR=ippcv
ippiFloodFill_Range8Con_8u_C1IR=ippcv
ippiFloodFill_Range8Con_8u_C3IR=ippcv
ippiGenSobelKernel_16s=ippcv
ippiGenSobelKernel_32f=ippcv
ippiGetDistanceTransformMask=ippcv
ippiGetDistanceTransformMask_32f=ippcv
ippiGetDistanceTransformMask_32s=ippcv
ippiGetHaarClassifierSize_32f=ippcv
ippiGetHaarClassifierSize_32s=ippcv
ippiGetPyramidDownROI=ippcv
ippiGetPyramidDownROI_L=ippcv
ippiGetPyramidUpROI=ippcv
ippiGetPyramidUpROI_L=ippcv
ippiGradientColorToGray_16u_C3C1R=ippcv
ippiGradientColorToGray_32f_C3C1R=ippcv
ippiGradientColorToGray_8u_C3C1R=ippcv
ippiGrayDilateBorder_32f_C1R=ippcv
ippiGrayDilateBorder_8u_C1R=ippcv
ippiGrayErodeBorder_32f_C1R=ippcv
ippiGrayErodeBorder_8u_C1R=ippcv
ippiHaarClassifierGetSize=ippcv
ippiHaarClassifierInit_32f=ippcv
ippiHaarClassifierInit_32s=ippcv
ippiHarrisCornerGetBufferSize=ippcv
ippiHarrisCorner_32f_C1R=ippcv
ippiHarrisCorner_8u32f_C1R=ippcv
ippiHoughLineGetSize_8u_C1R=ippcv
ippiHoughLine_8u32f_C1R=ippcv
ippiHoughLine_Region_8u32f_C1R=ippcv
ippiHoughProbLineGetSize_8u_C1R=ippcv
ippiHoughProbLineInit_8u32f_C1R=ippcv
ippiHoughProbLine_8u32f_C1R=ippcv
ippiInpaintGetSize=ippcv
ippiInpaintInit_8u_C1R=ippcv
ippiInpaintInit_8u_C3R=ippcv
ippiInpaint_8u_C1R=ippcv
ippiInpaint_8u_C3R=ippcv
ippiIntegral_32f_C1R=ippcv
ippiIntegral_8u32f_C1R=ippcv
ippiIntegral_8u32s_C1R=ippcv
ippiLabelMarkersGetBufferSize_16u_C1R=ippcv
ippiLabelMarkersGetBufferSize_8u32s_C1R=ippcv
ippiLabelMarkersGetBufferSize_8u_C1R=ippcv
ippiLabelMarkers_16u_C1IR=ippcv
ippiLabelMarkers_8u32s_C1R=ippcv
ippiLabelMarkers_8u_C1IR=ippcv
ippiLineSuppressionGetBufferSize=ippcv
ippiLineSuppression_8u_C1R=ippcv
ippiMarkSpecklesGetBufferSize=ippcv
ippiMarkSpeckles_16s_C1IR=ippcv
ippiMarkSpeckles_16u_C1IR=ippcv
ippiMarkSpeckles_32f_C1IR=ippcv
ippiMarkSpeckles_8u_C1IR=ippcv
ippiMean_16u_C1MR=ippcv
ippiMean_16u_C3CMR=ippcv
ippiMean_32f_C1MR=ippcv
ippiMean_32f_C3CMR=ippcv
ippiMean_8u_C1MR=ippcv
ippiMean_8u_C3CMR=ippcv
ippiMean_StdDev_16u_C1MR=ippcv
ippiMean_StdDev_16u_C1R=ippcv
ippiMean_StdDev_16u_C3CMR=ippcv
ippiMean_StdDev_16u_C3CR=ippcv
ippiMean_StdDev_32f_C1MR=ippcv
ippiMean_StdDev_32f_C1R=ippcv
ippiMean_StdDev_32f_C3CMR=ippcv
ippiMean_StdDev_32f_C3CR=ippcv
ippiMean_StdDev_8u_C1MR=ippcv
ippiMean_StdDev_8u_C1R=ippcv
ippiMean_StdDev_8u_C3CMR=ippcv
ippiMean_StdDev_8u_C3CR=ippcv
ippiMinEigenValBorder_32f_C1R=ippcv
ippiMinEigenValBorder_8u32f_C1R=ippcv
ippiMinEigenValGetBufferSize_32f_C1R=ippcv
ippiMinEigenValGetBufferSize_8u32f_C1R=ippcv
ippiMinEigenVal_32f_C1R=ippcv
ippiMinEigenVal_8u32f_C1R=ippcv
ippiMinMaxIndx_16u_C1MR=ippcv
ippiMinMaxIndx_16u_C1R=ippcv
ippiMinMaxIndx_16u_C3CMR=ippcv
ippiMinMaxIndx_16u_C3CR=ippcv
ippiMinMaxIndx_32f_C1MR=ippcv
ippiMinMaxIndx_32f_C1R=ippcv
ippiMinMaxIndx_32f_C3CMR=ippcv
ippiMinMaxIndx_32f_C3CR=ippcv
ippiMinMaxIndx_8u_C1MR=ippcv
ippiMinMaxIndx_8u_C1R=ippcv
ippiMinMaxIndx_8u_C3CMR=ippcv
ippiMinMaxIndx_8u_C3CR=ippcv
ippiMorphAdvGetSize_16s_C1R=ippcv
ippiMorphAdvGetSize_16u_C1R=ippcv
ippiMorphAdvGetSize_1u_C1R=ippcv
ippiMorphAdvGetSize_32f_C1R=ippcv
ippiMorphAdvGetSize_32f_C3R=ippcv
ippiMorphAdvGetSize_32f_C4R=ippcv
ippiMorphAdvGetSize_8u_C1R=ippcv
ippiMorphAdvGetSize_8u_C3R=ippcv
ippiMorphAdvGetSize_8u_C4R=ippcv
ippiMorphAdvInit_16s_C1R=ippcv
ippiMorphAdvInit_16u_C1R=ippcv
ippiMorphAdvInit_1u_C1R=ippcv
ippiMorphAdvInit_32f_C1R=ippcv
ippiMorphAdvInit_32f_C3R=ippcv
ippiMorphAdvInit_32f_C4R=ippcv
ippiMorphAdvInit_8u_C1R=ippcv
ippiMorphAdvInit_8u_C3R=ippcv
ippiMorphAdvInit_8u_C4R=ippcv
ippiMorphBlackhatBorder_16s_C1R=ippcv
ippiMorphBlackhatBorder_16u_C1R=ippcv
ippiMorphBlackhatBorder_1u_C1R=ippcv
ippiMorphBlackhatBorder_32f_C1R=ippcv
ippiMorphBlackhatBorder_32f_C3R=ippcv
ippiMorphBlackhatBorder_32f_C4R=ippcv
ippiMorphBlackhatBorder_8u_C1R=ippcv
ippiMorphBlackhatBorder_8u_C3R=ippcv
ippiMorphBlackhatBorder_8u_C4R=ippcv
ippiMorphBlackhat_16s_C1R_L=ippcv
ippiMorphBlackhat_16u_C1R_L=ippcv
ippiMorphBlackhat_1u_C1R_L=ippcv
ippiMorphBlackhat_32f_C1R_L=ippcv
ippiMorphBlackhat_32f_C3R_L=ippcv
ippiMorphBlackhat_32f_C4R_L=ippcv
ippiMorphBlackhat_8u_C1R_L=ippcv
ippiMorphBlackhat_8u_C3R_L=ippcv
ippiMorphBlackhat_8u_C4R_L=ippcv
ippiMorphCloseBorder_16s_C1R=ippcv
ippiMorphCloseBorder_16u_C1R=ippcv
ippiMorphCloseBorder_1u_C1R=ippcv
ippiMorphCloseBorder_32f_C1R=ippcv
ippiMorphCloseBorder_32f_C3R=ippcv
ippiMorphCloseBorder_32f_C4R=ippcv
ippiMorphCloseBorder_8u_C1R=ippcv
ippiMorphCloseBorder_8u_C3R=ippcv
ippiMorphCloseBorder_8u_C4R=ippcv
ippiMorphClose_16s_C1R_L=ippcv
ippiMorphClose_16u_C1R_L=ippcv
ippiMorphClose_1u_C1R_L=ippcv
ippiMorphClose_32f_C1R_L=ippcv
ippiMorphClose_32f_C3R_L=ippcv
ippiMorphClose_32f_C4R_L=ippcv
ippiMorphClose_8u_C1R_L=ippcv
ippiMorphClose_8u_C3R_L=ippcv
ippiMorphClose_8u_C4R_L=ippcv
ippiMorphGetBufferSize_L=ippcv
ippiMorphGetSpecSize_L=ippcv
ippiMorphGradientBorder_16s_C1R=ippcv
ippiMorphGradientBorder_16u_C1R=ippcv
ippiMorphGradientBorder_1u_C1R=ippcv
ippiMorphGradientBorder_32f_C1R=ippcv
ippiMorphGradientBorder_32f_C3R=ippcv
ippiMorphGradientBorder_32f_C4R=ippcv
ippiMorphGradientBorder_8u_C1R=ippcv
ippiMorphGradientBorder_8u_C3R=ippcv
ippiMorphGradientBorder_8u_C4R=ippcv
ippiMorphGradient_16s_C1R_L=ippcv
ippiMorphGradient_16u_C1R_L=ippcv
ippiMorphGradient_1u_C1R_L=ippcv
ippiMorphGradient_32f_C1R_L=ippcv
ippiMorphGradient_32f_C3R_L=ippcv
ippiMorphGradient_32f_C4R_L=ippcv
ippiMorphGradient_8u_C1R_L=ippcv
ippiMorphGradient_8u_C3R_L=ippcv
ippiMorphGradient_8u_C4R_L=ippcv
ippiMorphGrayGetSize_32f_C1R=ippcv
ippiMorphGrayGetSize_8u_C1R=ippcv
ippiMorphGrayInit_32f_C1R=ippcv
ippiMorphGrayInit_8u_C1R=ippcv
ippiMorphInit_L=ippcv
ippiMorphOpenBorder_16s_C1R=ippcv
ippiMorphOpenBorder_16u_C1R=ippcv
ippiMorphOpenBorder_1u_C1R=ippcv
ippiMorphOpenBorder_32f_C1R=ippcv
ippiMorphOpenBorder_32f_C3R=ippcv
ippiMorphOpenBorder_32f_C4R=ippcv
ippiMorphOpenBorder_8u_C1R=ippcv
ippiMorphOpenBorder_8u_C3R=ippcv
ippiMorphOpenBorder_8u_C4R=ippcv
ippiMorphOpen_16s_C1R_L=ippcv
ippiMorphOpen_16u_C1R_L=ippcv
ippiMorphOpen_1u_C1R_L=ippcv
ippiMorphOpen_32f_C1R_L=ippcv
ippiMorphOpen_32f_C3R_L=ippcv
ippiMorphOpen_32f_C4R_L=ippcv
ippiMorphOpen_8u_C1R_L=ippcv
ippiMorphOpen_8u_C3R_L=ippcv
ippiMorphOpen_8u_C4R_L=ippcv
ippiMorphReconstructDilate_16u_C1IR=ippcv
ippiMorphReconstructDilate_32f_C1IR=ippcv
ippiMorphReconstructDilate_64f_C1IR=ippcv
ippiMorphReconstructDilate_8u_C1IR=ippcv
ippiMorphReconstructErode_16u_C1IR=ippcv
ippiMorphReconstructErode_32f_C1IR=ippcv
ippiMorphReconstructErode_64f_C1IR=ippcv
ippiMorphReconstructErode_8u_C1IR=ippcv
ippiMorphReconstructGetBufferSize=ippcv
ippiMorphSetMode=ippcv
ippiMorphSetMode_L=ippcv
ippiMorphTophatBorder_16s_C1R=ippcv
ippiMorphTophatBorder_16u_C1R=ippcv
ippiMorphTophatBorder_1u_C1R=ippcv
ippiMorphTophatBorder_32f_C1R=ippcv
ippiMorphTophatBorder_32f_C3R=ippcv
ippiMorphTophatBorder_32f_C4R=ippcv
ippiMorphTophatBorder_8u_C1R=ippcv
ippiMorphTophatBorder_8u_C3R=ippcv
ippiMorphTophatBorder_8u_C4R=ippcv
ippiMorphTophat_16s_C1R_L=ippcv
ippiMorphTophat_16u_C1R_L=ippcv
ippiMorphTophat_1u_C1R_L=ippcv
ippiMorphTophat_32f_C1R_L=ippcv
ippiMorphTophat_32f_C3R_L=ippcv
ippiMorphTophat_32f_C4R_L=ippcv
ippiMorphTophat_8u_C1R_L=ippcv
ippiMorphTophat_8u_C3R_L=ippcv
ippiMorphTophat_8u_C4R_L=ippcv
ippiMorphologyBorderGetSize_16s_C1R=ippcv
ippiMorphologyBorderGetSize_16u_C1R=ippcv
ippiMorphologyBorderGetSize_1u_C1R=ippcv
ippiMorphologyBorderGetSize_32f_C1R=ippcv
ippiMorphologyBorderGetSize_32f_C3R=ippcv
ippiMorphologyBorderGetSize_32f_C4R=ippcv
ippiMorphologyBorderGetSize_8u_C1R=ippcv
ippiMorphologyBorderGetSize_8u_C3R=ippcv
ippiMorphologyBorderGetSize_8u_C4R=ippcv
ippiMorphologyBorderInit_16s_C1R=ippcv
ippiMorphologyBorderInit_16u_C1R=ippcv
ippiMorphologyBorderInit_1u_C1R=ippcv
ippiMorphologyBorderInit_32f_C1R=ippcv
ippiMorphologyBorderInit_32f_C3R=ippcv
ippiMorphologyBorderInit_32f_C4R=ippcv
ippiMorphologyBorderInit_8u_C1R=ippcv
ippiMorphologyBorderInit_8u_C3R=ippcv
ippiMorphologyBorderInit_8u_C4R=ippcv
ippiNormDiff_Inf_16u_C1MR=ippcv
ippiNormDiff_Inf_16u_C3CMR=ippcv
ippiNormDiff_Inf_32f_C1MR=ippcv
ippiNormDiff_Inf_32f_C3CMR=ippcv
ippiNormDiff_Inf_8u_C1MR=ippcv
ippiNormDiff_Inf_8u_C3CMR=ippcv
ippiNormDiff_L1_16u_C1MR=ippcv
ippiNormDiff_L1_16u_C3CMR=ippcv
ippiNormDiff_L1_32f_C1MR=ippcv
ippiNormDiff_L1_32f_C3CMR=ippcv
ippiNormDiff_L1_8u_C1MR=ippcv
ippiNormDiff_L1_8u_C3CMR=ippcv
ippiNormDiff_L2_16u_C1MR=ippcv
ippiNormDiff_L2_16u_C3CMR=ippcv
ippiNormDiff_L2_32f_C1MR=ippcv
ippiNormDiff_L2_32f_C3CMR=ippcv
ippiNormDiff_L2_8u_C1MR=ippcv
ippiNormDiff_L2_8u_C3CMR=ippcv
ippiNormRel_Inf_16u_C1MR=ippcv
ippiNormRel_Inf_16u_C3CMR=ippcv
ippiNormRel_Inf_32f_C1MR=ippcv
ippiNormRel_Inf_32f_C3CMR=ippcv
ippiNormRel_Inf_8u_C1MR=ippcv
ippiNormRel_Inf_8u_C3CMR=ippcv
ippiNormRel_L1_16u_C1MR=ippcv
ippiNormRel_L1_16u_C3CMR=ippcv
ippiNormRel_L1_32f_C1MR=ippcv
ippiNormRel_L1_32f_C3CMR=ippcv
ippiNormRel_L1_8u_C1MR=ippcv
ippiNormRel_L1_8u_C3CMR=ippcv
ippiNormRel_L2_16u_C1MR=ippcv
ippiNormRel_L2_16u_C3CMR=ippcv
ippiNormRel_L2_32f_C1MR=ippcv
ippiNormRel_L2_32f_C3CMR=ippcv
ippiNormRel_L2_8u_C1MR=ippcv
ippiNormRel_L2_8u_C3CMR=ippcv
ippiNorm_Inf_16u_C1MR=ippcv
ippiNorm_Inf_16u_C3CMR=ippcv
ippiNorm_Inf_32f_C1MR=ippcv
ippiNorm_Inf_32f_C3CMR=ippcv
ippiNorm_Inf_8u_C1MR=ippcv
ippiNorm_Inf_8u_C3CMR=ippcv
ippiNorm_L1_16u_C1MR=ippcv
ippiNorm_L1_16u_C3CMR=ippcv
ippiNorm_L1_32f_C1MR=ippcv
ippiNorm_L1_32f_C3CMR=ippcv
ippiNorm_L1_8u_C1MR=ippcv
ippiNorm_L1_8u_C3CMR=ippcv
ippiNorm_L2_16u_C1MR=ippcv
ippiNorm_L2_16u_C3CMR=ippcv
ippiNorm_L2_32f_C1MR=ippcv
ippiNorm_L2_32f_C3CMR=ippcv
ippiNorm_L2_8u_C1MR=ippcv
ippiNorm_L2_8u_C3CMR=ippcv
ippiOpticalFlowPyrLKGetSize=ippcv
ippiOpticalFlowPyrLKInit_16u_C1R=ippcv
ippiOpticalFlowPyrLKInit_32f_C1R=ippcv
ippiOpticalFlowPyrLKInit_8u_C1R=ippcv
ippiOpticalFlowPyrLK_16u_C1R=ippcv
ippiOpticalFlowPyrLK_32f_C1R=ippcv
ippiOpticalFlowPyrLK_8u_C1R=ippcv
ippiPyramidGetSize=ippcv
ippiPyramidGetSize_L=ippcv
ippiPyramidInit=ippcv
ippiPyramidInit_L=ippcv
ippiPyramidLayerDownGetSize_16u_C1R=ippcv
ippiPyramidLayerDownGetSize_16u_C3R=ippcv
ippiPyramidLayerDownGetSize_32f_C1R=ippcv
ippiPyramidLayerDownGetSize_32f_C1R_L=ippcv
ippiPyramidLayerDownGetSize_32f_C3R=ippcv
ippiPyramidLayerDownGetSize_8u_C1R=ippcv
ippiPyramidLayerDownGetSize_8u_C3R=ippcv
ippiPyramidLayerDownInit_16u_C1R=ippcv
ippiPyramidLayerDownInit_16u_C3R=ippcv
ippiPyramidLayerDownInit_32f_C1R=ippcv
ippiPyramidLayerDownInit_32f_C1R_L=ippcv
ippiPyramidLayerDownInit_32f_C3R=ippcv
ippiPyramidLayerDownInit_8u_C1R=ippcv
ippiPyramidLayerDownInit_8u_C3R=ippcv
ippiPyramidLayerDown_16u_C1R=ippcv
ippiPyramidLayerDown_16u_C3R=ippcv
ippiPyramidLayerDown_32f_C1R=ippcv
ippiPyramidLayerDown_32f_C1R_L=ippcv
ippiPyramidLayerDown_32f_C3R=ippcv
ippiPyramidLayerDown_8u_C1R=ippcv
ippiPyramidLayerDown_8u_C3R=ippcv
ippiPyramidLayerUpGetSize_16u_C1R=ippcv
ippiPyramidLayerUpGetSize_16u_C3R=ippcv
ippiPyramidLayerUpGetSize_32f_C1R=ippcv
ippiPyramidLayerUpGetSize_32f_C1R_L=ippcv
ippiPyramidLayerUpGetSize_32f_C3R=ippcv
ippiPyramidLayerUpGetSize_8u_C1R=ippcv
ippiPyramidLayerUpGetSize_8u_C3R=ippcv
ippiPyramidLayerUpInit_16u_C1R=ippcv
ippiPyramidLayerUpInit_16u_C3R=ippcv
ippiPyramidLayerUpInit_32f_C1R=ippcv
ippiPyramidLayerUpInit_32f_C1R_L=ippcv
ippiPyramidLayerUpInit_32f_C3R=ippcv
ippiPyramidLayerUpInit_8u_C1R=ippcv
ippiPyramidLayerUpInit_8u_C3R=ippcv
ippiPyramidLayerUp_16u_C1R=ippcv
ippiPyramidLayerUp_16u_C3R=ippcv
ippiPyramidLayerUp_32f_C1R=ippcv
ippiPyramidLayerUp_32f_C1R_L=ippcv
ippiPyramidLayerUp_32f_C3R=ippcv
ippiPyramidLayerUp_8u_C1R=ippcv
ippiPyramidLayerUp_8u_C3R=ippcv
ippiRectStdDev_32f_C1R=ippcv
ippiRectStdDev_32s32f_C1R=ippcv
ippiRectStdDev_32s_C1RSfs=ippcv
ippiSampleLine_16u_C1R=ippcv
ippiSampleLine_16u_C3R=ippcv
ippiSampleLine_32f_C1R=ippcv
ippiSampleLine_32f_C3R=ippcv
ippiSampleLine_8u_C1R=ippcv
ippiSampleLine_8u_C3R=ippcv
ippiSegmentGradientGetBufferSize_8u_C1R=ippcv
ippiSegmentGradientGetBufferSize_8u_C3R=ippcv
ippiSegmentGradient_8u_C1IR=ippcv
ippiSegmentGradient_8u_C3IR=ippcv
ippiSegmentWatershedGetBufferSize_32f16u_C1R=ippcv
ippiSegmentWatershedGetBufferSize_8u16u_C1R=ippcv
ippiSegmentWatershedGetBufferSize_8u_C1R=ippcv
ippiSegmentWatershed_32f16u_C1IR=ippcv
ippiSegmentWatershed_8u16u_C1IR=ippcv
ippiSegmentWatershed_8u_C1IR=ippcv
ippiSqrIntegral_8u32f64f_C1R=ippcv
ippiSqrIntegral_8u32s64f_C1R=ippcv
ippiSqrIntegral_8u32s_C1R=ippcv
ippiTiltHaarFeatures_32f=ippcv
ippiTiltHaarFeatures_32s=ippcv
ippiTiltedHaarClassifierInit_32f=ippcv
ippiTiltedHaarClassifierInit_32s=ippcv
ippiTiltedIntegral_8u32f_C1R=ippcv
ippiTiltedIntegral_8u32s_C1R=ippcv
ippiTiltedRectStdDev_32f_C1R=ippcv
ippiTiltedRectStdDev_32s32f_C1R=ippcv
ippiTiltedRectStdDev_32s_C1RSfs=ippcv
ippiTiltedSqrIntegral_8u32f64f_C1R=ippcv
ippiTiltedSqrIntegral_8u32s64f_C1R=ippcv
ippiTiltedSqrIntegral_8u32s_C1R=ippcv
ippiTrueDistanceTransformGetBufferSize_8u32f_C1R=ippcv
ippiTrueDistanceTransform_8u32f_C1R=ippcv
ippiUndistortGetSize=ippcv
ippiUndistortRadial_16u_C1R=ippcv
ippiUndistortRadial_16u_C3R=ippcv
ippiUndistortRadial_32f_C1R=ippcv
ippiUndistortRadial_32f_C3R=ippcv
ippiUndistortRadial_8u_C1R=ippcv
ippiUndistortRadial_8u_C3R=ippcv
ippiUpdateMotionHistory_16u32f_C1IR=ippcv
ippiUpdateMotionHistory_32f_C1IR=ippcv
ippiUpdateMotionHistory_8u32f_C1IR=ippcv
