ippdcGetLibVersion=ippdc
ippsAdler32_8u=ippdc
ippsBWTFwdGetBufSize_SelectSort_8u=ippdc
ippsBWTFwdGetSize_8u=ippdc
ippsBWTFwd_8u=ippdc
ippsBWTFwd_SelectSort_8u=ippdc
ippsBWTInvGetSize_8u=ippdc
ippsBWTInv_8u=ippdc
ippsCRC32C_8u=ippdc
ippsCRC32_8u=ippdc
ippsCRC32_BZ2_8u=ippdc
ippsDecodeBlockGetSize_BZ2_8u=ippdc
ippsDecodeBlock_BZ2_16u8u=ippdc
ippsDecodeHuffGetSize_BZ2_8u16u=ippdc
ippsDecodeHuffInit_BZ2_8u16u=ippdc
ippsDecodeHuff_BZ2_8u16u=ippdc
ippsDecodeLZ4Dict_8u=ippdc
ippsDecodeLZ4_8u=ippdc
ippsDecodeLZOSafe_8u=ippdc
ippsDecodeLZO_8u=ippdc
ippsDecodeLZSSInit_8u=ippdc
ippsDecodeLZSS_8u=ippdc
ippsDecodeRLEStateFlush_BZ2_8u=ippdc
ippsDecodeRLEStateInit_BZ2_8u=ippdc
ippsDecodeRLEState_BZ2_8u=ippdc
ippsDecodeZ1Z2_BZ2_16u8u=ippdc
ippsDecodeZfp444_32f=ippdc
ippsDecodeZfpGetDecompressedSizeLong_32f=ippdc
ippsDecodeZfpGetDecompressedSize_32f=ippdc
ippsDecodeZfpGetStateSize_32f=ippdc
ippsDecodeZfpInitLong_32f=ippdc
ippsDecodeZfpInit_32f=ippdc
ippsDecodeZfpSetAccuracy_32f=ippdc
ippsDecodeZfpSet_32f=ippdc
ippsDeflateDictionarySet_8u=ippdc
ippsDeflateHuff_8u=ippdc
ippsDeflateLZ77Fast_8u=ippdc
ippsDeflateLZ77FastestGenHeader_8u=ippdc
ippsDeflateLZ77FastestGenHuffTable_8u=ippdc
ippsDeflateLZ77FastestGetStat_8u=ippdc
ippsDeflateLZ77FastestPrecompHeader_8u=ippdc
ippsDeflateLZ77Fastest_8u=ippdc
ippsDeflateLZ77Slow_8u=ippdc
ippsDeflateLZ77_8u=ippdc
ippsDeflateUpdateHash_8u=ippdc
ippsEncodeHuffGetSize_BZ2_16u8u=ippdc
ippsEncodeHuffInit_BZ2_16u8u=ippdc
ippsEncodeHuff_BZ2_16u8u=ippdc
ippsEncodeLZ4DictHashTableInit_8u=ippdc
ippsEncodeLZ4DictSafe_8u=ippdc
ippsEncodeLZ4Dict_8u=ippdc
ippsEncodeLZ4Fast_8u=ippdc
ippsEncodeLZ4HCDictLimit_8u=ippdc
ippsEncodeLZ4HCHashTableGetSize_8u=ippdc
ippsEncodeLZ4HCHashTableInit_8u=ippdc
ippsEncodeLZ4HC_8u=ippdc
ippsEncodeLZ4HashTableGetSize_8u=ippdc
ippsEncodeLZ4HashTableInit_8u=ippdc
ippsEncodeLZ4LoadDict_8u=ippdc
ippsEncodeLZ4Safe_8u=ippdc
ippsEncodeLZ4_8u=ippdc
ippsEncodeLZOGetSize=ippdc
ippsEncodeLZOInit_8u=ippdc
ippsEncodeLZO_8u=ippdc
ippsEncodeLZSSFlush_8u=ippdc
ippsEncodeLZSSInit_8u=ippdc
ippsEncodeLZSS_8u=ippdc
ippsEncodeRLEFlush_BZ2_8u=ippdc
ippsEncodeRLEInit_BZ2_8u=ippdc
ippsEncodeRLE_BZ2_8u=ippdc
ippsEncodeZ1Z2_BZ2_8u16u=ippdc
ippsEncodeZfp444_32f=ippdc
ippsEncodeZfpFlush_32f=ippdc
ippsEncodeZfpGetCompressedBitSize_32f=ippdc
ippsEncodeZfpGetCompressedSizeLong_32f=ippdc
ippsEncodeZfpGetCompressedSize_32f=ippdc
ippsEncodeZfpGetStateSize_32f=ippdc
ippsEncodeZfpInitLong_32f=ippdc
ippsEncodeZfpInit_32f=ippdc
ippsEncodeZfpSetAccuracy_32f=ippdc
ippsEncodeZfpSet_32f=ippdc
ippsExpandDictionary_8u_I=ippdc
ippsInflateBuildHuffTable=ippdc
ippsInflate_8u=ippdc
ippsLZSSGetSize_8u=ippdc
ippsMTFFwd_8u=ippdc
ippsMTFGetSize_8u=ippdc
ippsMTFInit_8u=ippdc
ippsMTFInv_8u=ippdc
ippsPackHuffContext_BZ2_16u8u=ippdc
ippsRLEGetInUseTable_8u=ippdc
ippsRLEGetSize_BZ2_8u=ippdc
ippsReduceDictionary_8u_I=ippdc
ippsUnpackHuffContext_BZ2_8u16u=ippdc
