ippsAbs_16s=ipps
ippsAbs_16s_I=ipps
ippsAbs_32f=ipps
ippsAbs_32f_I=ipps
ippsAbs_32s=ipps
ippsAbs_32s_I=ipps
ippsAbs_64f=ipps
ippsAbs_64f_I=ipps
ippsAddC_16s_I=ipps
ippsAddC_16s_ISfs=ipps
ippsAddC_16s_Sfs=ipps
ippsAddC_16sc_ISfs=ipps
ippsAddC_16sc_Sfs=ipps
ippsAddC_16u_ISfs=ipps
ippsAddC_16u_Sfs=ipps
ippsAddC_32f=ipps
ippsAddC_32f_I=ipps
ippsAddC_32fc=ipps
ippsAddC_32fc_I=ipps
ippsAddC_32s_ISfs=ipps
ippsAddC_32s_Sfs=ipps
ippsAddC_32sc_ISfs=ipps
ippsAddC_32sc_Sfs=ipps
ippsAddC_64f=ipps
ippsAddC_64f_I=ipps
ippsAddC_64fc=ipps
ippsAddC_64fc_I=ipps
ippsAddC_64s_Sfs=ipps
ippsAddC_64u_Sfs=ipps
ippsAddC_8u_ISfs=ipps
ippsAddC_8u_Sfs=ipps
ippsAddProductC_32f=ipps
ippsAddProductC_64f=ipps
ippsAddProduct_16s32s_Sfs=ipps
ippsAddProduct_16s_Sfs=ipps
ippsAddProduct_32f=ipps
ippsAddProduct_32fc=ipps
ippsAddProduct_32s_Sfs=ipps
ippsAddProduct_64f=ipps
ippsAddProduct_64fc=ipps
ippsAdd_16s=ipps
ippsAdd_16s32f=ipps
ippsAdd_16s32s_I=ipps
ippsAdd_16s_I=ipps
ippsAdd_16s_ISfs=ipps
ippsAdd_16s_Sfs=ipps
ippsAdd_16sc_ISfs=ipps
ippsAdd_16sc_Sfs=ipps
ippsAdd_16u=ipps
ippsAdd_16u_ISfs=ipps
ippsAdd_16u_Sfs=ipps
ippsAdd_32f=ipps
ippsAdd_32f_I=ipps
ippsAdd_32fc=ipps
ippsAdd_32fc_I=ipps
ippsAdd_32s_ISfs=ipps
ippsAdd_32s_Sfs=ipps
ippsAdd_32sc_ISfs=ipps
ippsAdd_32sc_Sfs=ipps
ippsAdd_32u=ipps
ippsAdd_32u_I=ipps
ippsAdd_64f=ipps
ippsAdd_64f_I=ipps
ippsAdd_64fc=ipps
ippsAdd_64fc_I=ipps
ippsAdd_64s_Sfs=ipps
ippsAdd_8u16u=ipps
ippsAdd_8u_ISfs=ipps
ippsAdd_8u_Sfs=ipps
ippsAndC_16u=ipps
ippsAndC_16u_I=ipps
ippsAndC_32u=ipps
ippsAndC_32u_I=ipps
ippsAndC_8u=ipps
ippsAndC_8u_I=ipps
ippsAnd_16u=ipps
ippsAnd_16u_I=ipps
ippsAnd_32u=ipps
ippsAnd_32u_I=ipps
ippsAnd_8u=ipps
ippsAnd_8u_I=ipps
ippsArctan_32f=ipps
ippsArctan_32f_I=ipps
ippsArctan_64f=ipps
ippsArctan_64f_I=ipps
ippsAutoCorrNormGetBufferSize=ipps
ippsAutoCorrNorm_32f=ipps
ippsAutoCorrNorm_32fc=ipps
ippsAutoCorrNorm_64f=ipps
ippsAutoCorrNorm_64fc=ipps
ippsCartToPolar_16sc_Sfs=ipps
ippsCartToPolar_32f=ipps
ippsCartToPolar_32fc=ipps
ippsCartToPolar_64f=ipps
ippsCartToPolar_64fc=ipps
ippsConjCcs_32fc=ipps
ippsConjCcs_32fc_I=ipps
ippsConjCcs_64fc=ipps
ippsConjCcs_64fc_I=ipps
ippsConjFlip_16sc=ipps
ippsConjFlip_32fc=ipps
ippsConjFlip_64fc=ipps
ippsConjPack_32fc=ipps
ippsConjPack_32fc_I=ipps
ippsConjPack_64fc=ipps
ippsConjPack_64fc_I=ipps
ippsConjPerm_32fc=ipps
ippsConjPerm_32fc_I=ipps
ippsConjPerm_64fc=ipps
ippsConjPerm_64fc_I=ipps
ippsConj_16sc=ipps
ippsConj_16sc_I=ipps
ippsConj_32fc=ipps
ippsConj_32fc_I=ipps
ippsConj_64fc=ipps
ippsConj_64fc_I=ipps
ippsConvBiased_32f=ipps
ippsConvert_16f16s_Sfs=ipps
ippsConvert_16f32f=ipps
ippsConvert_16s16f=ipps
ippsConvert_16s32f=ipps
ippsConvert_16s32f_Sfs=ipps
ippsConvert_16s32s=ipps
ippsConvert_16s64f_Sfs=ipps
ippsConvert_16s8s_Sfs=ipps
ippsConvert_16u32f=ipps
ippsConvert_24s32f=ipps
ippsConvert_24s32s=ipps
ippsConvert_24u32f=ipps
ippsConvert_24u32u=ipps
ippsConvert_32f16f=ipps
ippsConvert_32f16s_Sfs=ipps
ippsConvert_32f16u_Sfs=ipps
ippsConvert_32f24s_Sfs=ipps
ippsConvert_32f24u_Sfs=ipps
ippsConvert_32f32s_Sfs=ipps
ippsConvert_32f64f=ipps
ippsConvert_32f8s_Sfs=ipps
ippsConvert_32f8u_Sfs=ipps
ippsConvert_32s16s=ipps
ippsConvert_32s16s_Sfs=ipps
ippsConvert_32s24s_Sfs=ipps
ippsConvert_32s32f=ipps
ippsConvert_32s32f_Sfs=ipps
ippsConvert_32s64f=ipps
ippsConvert_32s64f_Sfs=ipps
ippsConvert_32u24u_Sfs=ipps
ippsConvert_64f16s_Sfs=ipps
ippsConvert_64f16u_Sfs=ipps
ippsConvert_64f32f=ipps
ippsConvert_64f32s_Sfs=ipps
ippsConvert_64f64s_Sfs=ipps
ippsConvert_64f8s_Sfs=ipps
ippsConvert_64f8u_Sfs=ipps
ippsConvert_64s32s_Sfs=ipps
ippsConvert_64s64f=ipps
ippsConvert_8s16s=ipps
ippsConvert_8s32f=ipps
ippsConvert_8s8u=ipps
ippsConvert_8u32f=ipps
ippsConvert_8u8s_Sfs=ipps
ippsConvolveGetBufferSize=ipps
ippsConvolve_32f=ipps
ippsConvolve_64f=ipps
ippsCopyBE_1u=ipps
ippsCopyLE_1u=ipps
ippsCopy_16s=ipps
ippsCopy_16sc=ipps
ippsCopy_32f=ipps
ippsCopy_32fc=ipps
ippsCopy_32s=ipps
ippsCopy_32sc=ipps
ippsCopy_64f=ipps
ippsCopy_64fc=ipps
ippsCopy_64s=ipps
ippsCopy_64sc=ipps
ippsCopy_8u=ipps
ippsCountInRange_32s=ipps
ippsCplxToReal_16sc=ipps
ippsCplxToReal_32fc=ipps
ippsCplxToReal_64fc=ipps
ippsCrossCorrNormGetBufferSize=ipps
ippsCrossCorrNorm_32f=ipps
ippsCrossCorrNorm_32fc=ipps
ippsCrossCorrNorm_64f=ipps
ippsCrossCorrNorm_64fc=ipps
ippsCubrt_32f=ipps
ippsCubrt_32s16s_Sfs=ipps
ippsDCTFwdGetSize_32f=ipps
ippsDCTFwdGetSize_64f=ipps
ippsDCTFwdInit_32f=ipps
ippsDCTFwdInit_64f=ipps
ippsDCTFwd_32f=ipps
ippsDCTFwd_32f_I=ipps
ippsDCTFwd_64f=ipps
ippsDCTFwd_64f_I=ipps
ippsDCTInvGetSize_32f=ipps
ippsDCTInvGetSize_64f=ipps
ippsDCTInvInit_32f=ipps
ippsDCTInvInit_64f=ipps
ippsDCTInv_32f=ipps
ippsDCTInv_32f_I=ipps
ippsDCTInv_64f=ipps
ippsDCTInv_64f_I=ipps
ippsDFTFwd_CToC_16fc=ipps
ippsDFTFwd_CToC_32f=ipps
ippsDFTFwd_CToC_32fc=ipps
ippsDFTFwd_CToC_64f=ipps
ippsDFTFwd_CToC_64fc=ipps
ippsDFTFwd_Direct_CToC_16fc=ipps
ippsDFTFwd_RToCCS_32f=ipps
ippsDFTFwd_RToCCS_64f=ipps
ippsDFTFwd_RToPack_32f=ipps
ippsDFTFwd_RToPack_64f=ipps
ippsDFTFwd_RToPerm_32f=ipps
ippsDFTFwd_RToPerm_64f=ipps
ippsDFTGetSize_C_16fc=ipps
ippsDFTGetSize_C_32f=ipps
ippsDFTGetSize_C_32fc=ipps
ippsDFTGetSize_C_64f=ipps
ippsDFTGetSize_C_64fc=ipps
ippsDFTGetSize_R_32f=ipps
ippsDFTGetSize_R_64f=ipps
ippsDFTInit_C_16fc=ipps
ippsDFTInit_C_32f=ipps
ippsDFTInit_C_32fc=ipps
ippsDFTInit_C_64f=ipps
ippsDFTInit_C_64fc=ipps
ippsDFTInit_R_32f=ipps
ippsDFTInit_R_64f=ipps
ippsDFTInv_CCSToR_32f=ipps
ippsDFTInv_CCSToR_64f=ipps
ippsDFTInv_CToC_16fc=ipps
ippsDFTInv_CToC_32f=ipps
ippsDFTInv_CToC_32fc=ipps
ippsDFTInv_CToC_64f=ipps
ippsDFTInv_CToC_64fc=ipps
ippsDFTInv_Direct_CToC_16fc=ipps
ippsDFTInv_PackToR_32f=ipps
ippsDFTInv_PackToR_64f=ipps
ippsDFTInv_PermToR_32f=ipps
ippsDFTInv_PermToR_64f=ipps
ippsDivCRev_16u=ipps
ippsDivCRev_16u_I=ipps
ippsDivCRev_32f=ipps
ippsDivCRev_32f_I=ipps
ippsDivC_16s_ISfs=ipps
ippsDivC_16s_Sfs=ipps
ippsDivC_16sc_ISfs=ipps
ippsDivC_16sc_Sfs=ipps
ippsDivC_16u_ISfs=ipps
ippsDivC_16u_Sfs=ipps
ippsDivC_32f=ipps
ippsDivC_32f_I=ipps
ippsDivC_32fc=ipps
ippsDivC_32fc_I=ipps
ippsDivC_64f=ipps
ippsDivC_64f_I=ipps
ippsDivC_64fc=ipps
ippsDivC_64fc_I=ipps
ippsDivC_64s_ISfs=ipps
ippsDivC_8u_ISfs=ipps
ippsDivC_8u_Sfs=ipps
ippsDiv_16s_ISfs=ipps
ippsDiv_16s_Sfs=ipps
ippsDiv_16sc_ISfs=ipps
ippsDiv_16sc_Sfs=ipps
ippsDiv_16u_ISfs=ipps
ippsDiv_16u_Sfs=ipps
ippsDiv_32f=ipps
ippsDiv_32f_I=ipps
ippsDiv_32fc=ipps
ippsDiv_32fc_I=ipps
ippsDiv_32s16s_Sfs=ipps
ippsDiv_32s_ISfs=ipps
ippsDiv_32s_Sfs=ipps
ippsDiv_64f=ipps
ippsDiv_64f_I=ipps
ippsDiv_64fc=ipps
ippsDiv_64fc_I=ipps
ippsDiv_8u_ISfs=ipps
ippsDiv_8u_Sfs=ipps
ippsDiv_Round_16s_ISfs=ipps
ippsDiv_Round_16s_Sfs=ipps
ippsDiv_Round_16u_ISfs=ipps
ippsDiv_Round_16u_Sfs=ipps
ippsDiv_Round_8u_ISfs=ipps
ippsDiv_Round_8u_Sfs=ipps
ippsDotProd_16s16sc64sc=ipps
ippsDotProd_16s32f=ipps
ippsDotProd_16s32s32s_Sfs=ipps
ippsDotProd_16s32s_Sfs=ipps
ippsDotProd_16s64s=ipps
ippsDotProd_16sc64sc=ipps
ippsDotProd_32f=ipps
ippsDotProd_32f32fc=ipps
ippsDotProd_32f32fc64fc=ipps
ippsDotProd_32f64f=ipps
ippsDotProd_32fc=ipps
ippsDotProd_32fc64fc=ipps
ippsDotProd_32s_Sfs=ipps
ippsDotProd_64f=ipps
ippsDotProd_64f64fc=ipps
ippsDotProd_64fc=ipps
ippsExp_16s_ISfs=ipps
ippsExp_16s_Sfs=ipps
ippsExp_32f=ipps
ippsExp_32f_I=ipps
ippsExp_32s_ISfs=ipps
ippsExp_32s_Sfs=ipps
ippsExp_64f=ipps
ippsExp_64f_I=ipps
ippsFFTFwd_CToC_16fc=ipps
ippsFFTFwd_CToC_32f=ipps
ippsFFTFwd_CToC_32f_I=ipps
ippsFFTFwd_CToC_32fc=ipps
ippsFFTFwd_CToC_32fc_I=ipps
ippsFFTFwd_CToC_64f=ipps
ippsFFTFwd_CToC_64f_I=ipps
ippsFFTFwd_CToC_64fc=ipps
ippsFFTFwd_CToC_64fc_I=ipps
ippsFFTFwd_RToCCS_32f=ipps
ippsFFTFwd_RToCCS_32f_I=ipps
ippsFFTFwd_RToCCS_64f=ipps
ippsFFTFwd_RToCCS_64f_I=ipps
ippsFFTFwd_RToPack_32f=ipps
ippsFFTFwd_RToPack_32f_I=ipps
ippsFFTFwd_RToPack_64f=ipps
ippsFFTFwd_RToPack_64f_I=ipps
ippsFFTFwd_RToPerm_32f=ipps
ippsFFTFwd_RToPerm_32f_I=ipps
ippsFFTFwd_RToPerm_64f=ipps
ippsFFTFwd_RToPerm_64f_I=ipps
ippsFFTGetSize_C_16fc=ipps
ippsFFTGetSize_C_32f=ipps
ippsFFTGetSize_C_32fc=ipps
ippsFFTGetSize_C_64f=ipps
ippsFFTGetSize_C_64fc=ipps
ippsFFTGetSize_R_32f=ipps
ippsFFTGetSize_R_64f=ipps
ippsFFTInit_C_16fc=ipps
ippsFFTInit_C_32f=ipps
ippsFFTInit_C_32fc=ipps
ippsFFTInit_C_64f=ipps
ippsFFTInit_C_64fc=ipps
ippsFFTInit_R_32f=ipps
ippsFFTInit_R_64f=ipps
ippsFFTInv_CCSToR_32f=ipps
ippsFFTInv_CCSToR_32f_I=ipps
ippsFFTInv_CCSToR_64f=ipps
ippsFFTInv_CCSToR_64f_I=ipps
ippsFFTInv_CToC_16fc=ipps
ippsFFTInv_CToC_32f=ipps
ippsFFTInv_CToC_32f_I=ipps
ippsFFTInv_CToC_32fc=ipps
ippsFFTInv_CToC_32fc_I=ipps
ippsFFTInv_CToC_64f=ipps
ippsFFTInv_CToC_64f_I=ipps
ippsFFTInv_CToC_64fc=ipps
ippsFFTInv_CToC_64fc_I=ipps
ippsFFTInv_PackToR_32f=ipps
ippsFFTInv_PackToR_32f_I=ipps
ippsFFTInv_PackToR_64f=ipps
ippsFFTInv_PackToR_64f_I=ipps
ippsFFTInv_PermToR_32f=ipps
ippsFFTInv_PermToR_32f_I=ipps
ippsFFTInv_PermToR_64f=ipps
ippsFFTInv_PermToR_64f_I=ipps
ippsFIRGenBandpass_64f=ipps
ippsFIRGenBandstop_64f=ipps
ippsFIRGenGetBufferSize=ipps
ippsFIRGenHighpass_64f=ipps
ippsFIRGenLowpass_64f=ipps
ippsFIRLMS32f_16s=ipps
ippsFIRLMSGetDlyLine32f_16s=ipps
ippsFIRLMSGetDlyLine_32f=ipps
ippsFIRLMSGetStateSize32f_16s=ipps
ippsFIRLMSGetStateSize_32f=ipps
ippsFIRLMSGetTaps32f_16s=ipps
ippsFIRLMSGetTaps_32f=ipps
ippsFIRLMSInit32f_16s=ipps
ippsFIRLMSInit_32f=ipps
ippsFIRLMSSetDlyLine32f_16s=ipps
ippsFIRLMSSetDlyLine_32f=ipps
ippsFIRLMS_32f=ipps
ippsFIRMR32f_32fc=ipps
ippsFIRMRGetSize=ipps
ippsFIRMRGetSize32f_32fc=ipps
ippsFIRMRInit32f_32fc=ipps
ippsFIRMRInit_32f=ipps
ippsFIRMRInit_32fc=ipps
ippsFIRMRInit_64f=ipps
ippsFIRMRInit_64fc=ipps
ippsFIRMR_16s=ipps
ippsFIRMR_16sc=ipps
ippsFIRMR_32f=ipps
ippsFIRMR_32fc=ipps
ippsFIRMR_64f=ipps
ippsFIRMR_64fc=ipps
ippsFIRSR32f_32fc=ipps
ippsFIRSRGetSize=ipps
ippsFIRSRGetSize32f_32fc=ipps
ippsFIRSRInit32f_32fc=ipps
ippsFIRSRInit_32f=ipps
ippsFIRSRInit_32fc=ipps
ippsFIRSRInit_64f=ipps
ippsFIRSRInit_64fc=ipps
ippsFIRSR_16s=ipps
ippsFIRSR_16sc=ipps
ippsFIRSR_32f=ipps
ippsFIRSR_32fc=ipps
ippsFIRSR_64f=ipps
ippsFIRSR_64fc=ipps
ippsFIRSparseGetDlyLine_32f=ipps
ippsFIRSparseGetDlyLine_32fc=ipps
ippsFIRSparseGetStateSize_32f=ipps
ippsFIRSparseGetStateSize_32fc=ipps
ippsFIRSparseInit_32f=ipps
ippsFIRSparseInit_32fc=ipps
ippsFIRSparseSetDlyLine_32f=ipps
ippsFIRSparseSetDlyLine_32fc=ipps
ippsFIRSparse_32f=ipps
ippsFIRSparse_32fc=ipps
ippsFilterMedianGetBufferSize=ipps
ippsFilterMedian_16s=ipps
ippsFilterMedian_16s_I=ipps
ippsFilterMedian_32f=ipps
ippsFilterMedian_32f_I=ipps
ippsFilterMedian_32s=ipps
ippsFilterMedian_32s_I=ipps
ippsFilterMedian_64f=ipps
ippsFilterMedian_64f_I=ipps
ippsFilterMedian_8u=ipps
ippsFilterMedian_8u_I=ipps
ippsFindNearestOne_16u=ipps
ippsFindNearest_16u=ipps
ippsFlip_16u=ipps
ippsFlip_16u_I=ipps
ippsFlip_32f=ipps
ippsFlip_32f_I=ipps
ippsFlip_32fc=ipps
ippsFlip_32fc_I=ipps
ippsFlip_64f=ipps
ippsFlip_64f_I=ipps
ippsFlip_64fc=ipps
ippsFlip_64fc_I=ipps
ippsFlip_8u=ipps
ippsFlip_8u_I=ipps
ippsFree=ipps
ippsGetLibVersion=ipps
ippsGoertz_16s_Sfs=ipps
ippsGoertz_16sc_Sfs=ipps
ippsGoertz_32f=ipps
ippsGoertz_32fc=ipps
ippsGoertz_64f=ipps
ippsGoertz_64fc=ipps
ippsHilbertGetSize_32f32fc=ipps
ippsHilbertGetSize_64f64fc=ipps
ippsHilbertInit_32f32fc=ipps
ippsHilbertInit_64f64fc=ipps
ippsHilbert_32f32fc=ipps
ippsHilbert_64f64fc=ipps
ippsIIR32f_16s_ISfs=ipps
ippsIIR32f_16s_Sfs=ipps
ippsIIR32fc_16sc_ISfs=ipps
ippsIIR32fc_16sc_Sfs=ipps
ippsIIR64f_16s_ISfs=ipps
ippsIIR64f_16s_Sfs=ipps
ippsIIR64f_32f=ipps
ippsIIR64f_32f_I=ipps
ippsIIR64f_32s_IPSfs=ipps
ippsIIR64f_32s_ISfs=ipps
ippsIIR64f_32s_PSfs=ipps
ippsIIR64f_32s_Sfs=ipps
ippsIIR64fc_16sc_ISfs=ipps
ippsIIR64fc_16sc_Sfs=ipps
ippsIIR64fc_32fc=ipps
ippsIIR64fc_32fc_I=ipps
ippsIIR64fc_32sc_ISfs=ipps
ippsIIR64fc_32sc_Sfs=ipps
ippsIIRGenGetBufferSize=ipps
ippsIIRGenHighpass_64f=ipps
ippsIIRGenLowpass_64f=ipps
ippsIIRGetDlyLine32f_16s=ipps
ippsIIRGetDlyLine32fc_16sc=ipps
ippsIIRGetDlyLine64f_16s=ipps
ippsIIRGetDlyLine64f_32f=ipps
ippsIIRGetDlyLine64f_32s=ipps
ippsIIRGetDlyLine64f_DF1_32s=ipps
ippsIIRGetDlyLine64fc_16sc=ipps
ippsIIRGetDlyLine64fc_32fc=ipps
ippsIIRGetDlyLine64fc_32sc=ipps
ippsIIRGetDlyLine_32f=ipps
ippsIIRGetDlyLine_32fc=ipps
ippsIIRGetDlyLine_64f=ipps
ippsIIRGetDlyLine_64fc=ipps
ippsIIRGetStateSize32f_16s=ipps
ippsIIRGetStateSize32f_BiQuad_16s=ipps
ippsIIRGetStateSize32fc_16sc=ipps
ippsIIRGetStateSize32fc_BiQuad_16sc=ipps
ippsIIRGetStateSize64f_16s=ipps
ippsIIRGetStateSize64f_32f=ipps
ippsIIRGetStateSize64f_32s=ipps
ippsIIRGetStateSize64f_BiQuad_16s=ipps
ippsIIRGetStateSize64f_BiQuad_32f=ipps
ippsIIRGetStateSize64f_BiQuad_32s=ipps
ippsIIRGetStateSize64f_BiQuad_DF1_32s=ipps
ippsIIRGetStateSize64fc_16sc=ipps
ippsIIRGetStateSize64fc_32fc=ipps
ippsIIRGetStateSize64fc_32sc=ipps
ippsIIRGetStateSize64fc_BiQuad_16sc=ipps
ippsIIRGetStateSize64fc_BiQuad_32fc=ipps
ippsIIRGetStateSize64fc_BiQuad_32sc=ipps
ippsIIRGetStateSize_32f=ipps
ippsIIRGetStateSize_32fc=ipps
ippsIIRGetStateSize_64f=ipps
ippsIIRGetStateSize_64fc=ipps
ippsIIRGetStateSize_BiQuad_32f=ipps
ippsIIRGetStateSize_BiQuad_32fc=ipps
ippsIIRGetStateSize_BiQuad_64f=ipps
ippsIIRGetStateSize_BiQuad_64fc=ipps
ippsIIRGetStateSize_BiQuad_DF1_32f=ipps
ippsIIRIIR64f_32f=ipps
ippsIIRIIR64f_32f_I=ipps
ippsIIRIIRGetDlyLine64f_32f=ipps
ippsIIRIIRGetDlyLine_32f=ipps
ippsIIRIIRGetDlyLine_64f=ipps
ippsIIRIIRGetStateSize64f_32f=ipps
ippsIIRIIRGetStateSize_32f=ipps
ippsIIRIIRGetStateSize_64f=ipps
ippsIIRIIRInit64f_32f=ipps
ippsIIRIIRInit_32f=ipps
ippsIIRIIRInit_64f=ipps
ippsIIRIIRSetDlyLine64f_32f=ipps
ippsIIRIIRSetDlyLine_32f=ipps
ippsIIRIIRSetDlyLine_64f=ipps
ippsIIRIIR_32f=ipps
ippsIIRIIR_32f_I=ipps
ippsIIRIIR_64f=ipps
ippsIIRIIR_64f_I=ipps
ippsIIRInit32f_16s=ipps
ippsIIRInit32f_BiQuad_16s=ipps
ippsIIRInit32fc_16sc=ipps
ippsIIRInit32fc_BiQuad_16sc=ipps
ippsIIRInit64f_16s=ipps
ippsIIRInit64f_32f=ipps
ippsIIRInit64f_32s=ipps
ippsIIRInit64f_BiQuad_16s=ipps
ippsIIRInit64f_BiQuad_32f=ipps
ippsIIRInit64f_BiQuad_32s=ipps
ippsIIRInit64f_BiQuad_DF1_32s=ipps
ippsIIRInit64fc_16sc=ipps
ippsIIRInit64fc_32fc=ipps
ippsIIRInit64fc_32sc=ipps
ippsIIRInit64fc_BiQuad_16sc=ipps
ippsIIRInit64fc_BiQuad_32fc=ipps
ippsIIRInit64fc_BiQuad_32sc=ipps
ippsIIRInit_32f=ipps
ippsIIRInit_32fc=ipps
ippsIIRInit_64f=ipps
ippsIIRInit_64fc=ipps
ippsIIRInit_BiQuad_32f=ipps
ippsIIRInit_BiQuad_32fc=ipps
ippsIIRInit_BiQuad_64f=ipps
ippsIIRInit_BiQuad_64fc=ipps
ippsIIRInit_BiQuad_DF1_32f=ipps
ippsIIRSetDlyLine32f_16s=ipps
ippsIIRSetDlyLine32fc_16sc=ipps
ippsIIRSetDlyLine64f_16s=ipps
ippsIIRSetDlyLine64f_32f=ipps
ippsIIRSetDlyLine64f_32s=ipps
ippsIIRSetDlyLine64f_DF1_32s=ipps
ippsIIRSetDlyLine64fc_16sc=ipps
ippsIIRSetDlyLine64fc_32fc=ipps
ippsIIRSetDlyLine64fc_32sc=ipps
ippsIIRSetDlyLine_32f=ipps
ippsIIRSetDlyLine_32fc=ipps
ippsIIRSetDlyLine_64f=ipps
ippsIIRSetDlyLine_64fc=ipps
ippsIIRSparseGetStateSize_32f=ipps
ippsIIRSparseInit_32f=ipps
ippsIIRSparse_32f=ipps
ippsIIR_32f=ipps
ippsIIR_32f_I=ipps
ippsIIR_32f_IP=ipps
ippsIIR_32f_P=ipps
ippsIIR_32fc=ipps
ippsIIR_32fc_I=ipps
ippsIIR_64f=ipps
ippsIIR_64f_I=ipps
ippsIIR_64fc=ipps
ippsIIR_64fc_I=ipps
ippsImag_16sc=ipps
ippsImag_32fc=ipps
ippsImag_64fc=ipps
ippsLShiftC_16s=ipps
ippsLShiftC_16s_I=ipps
ippsLShiftC_16u=ipps
ippsLShiftC_16u_I=ipps
ippsLShiftC_32s=ipps
ippsLShiftC_32s_I=ipps
ippsLShiftC_8u=ipps
ippsLShiftC_8u_I=ipps
ippsLn_16s_ISfs=ipps
ippsLn_16s_Sfs=ipps
ippsLn_32f=ipps
ippsLn_32f_I=ipps
ippsLn_32s_ISfs=ipps
ippsLn_32s_Sfs=ipps
ippsLn_64f=ipps
ippsLn_64f_I=ipps
ippsMagnitude_16s32f=ipps
ippsMagnitude_16s_Sfs=ipps
ippsMagnitude_16sc32f=ipps
ippsMagnitude_16sc_Sfs=ipps
ippsMagnitude_32f=ipps
ippsMagnitude_32fc=ipps
ippsMagnitude_32sc_Sfs=ipps
ippsMagnitude_64f=ipps
ippsMagnitude_64fc=ipps
ippsMalloc_16s=ipps
ippsMalloc_16s_L=ipps
ippsMalloc_16sc=ipps
ippsMalloc_16sc_L=ipps
ippsMalloc_16u=ipps
ippsMalloc_16u_L=ipps
ippsMalloc_32f=ipps
ippsMalloc_32f_L=ipps
ippsMalloc_32fc=ipps
ippsMalloc_32fc_L=ipps
ippsMalloc_32s=ipps
ippsMalloc_32s_L=ipps
ippsMalloc_32sc=ipps
ippsMalloc_32sc_L=ipps
ippsMalloc_32u=ipps
ippsMalloc_32u_L=ipps
ippsMalloc_64f=ipps
ippsMalloc_64f_L=ipps
ippsMalloc_64fc=ipps
ippsMalloc_64fc_L=ipps
ippsMalloc_64s=ipps
ippsMalloc_64s_L=ipps
ippsMalloc_64sc=ipps
ippsMalloc_64sc_L=ipps
ippsMalloc_8s=ipps
ippsMalloc_8s_L=ipps
ippsMalloc_8sc=ipps
ippsMalloc_8sc_L=ipps
ippsMalloc_8u=ipps
ippsMalloc_8u_L=ipps
ippsMaxAbsIndx_16s=ipps
ippsMaxAbsIndx_32f=ipps
ippsMaxAbsIndx_32s=ipps
ippsMaxAbsIndx_64f=ipps
ippsMaxAbs_16s=ipps
ippsMaxAbs_32f=ipps
ippsMaxAbs_32s=ipps
ippsMaxAbs_64f=ipps
ippsMaxEvery_16s_I=ipps
ippsMaxEvery_16u=ipps
ippsMaxEvery_16u_I=ipps
ippsMaxEvery_32f=ipps
ippsMaxEvery_32f_I=ipps
ippsMaxEvery_32s_I=ipps
ippsMaxEvery_64f=ipps
ippsMaxEvery_64f_I=ipps
ippsMaxEvery_8u=ipps
ippsMaxEvery_8u_I=ipps
ippsMaxIndx_16s=ipps
ippsMaxIndx_32f=ipps
ippsMaxIndx_32s=ipps
ippsMaxIndx_64f=ipps
ippsMaxOrder_16s=ipps
ippsMaxOrder_32f=ipps
ippsMaxOrder_32s=ipps
ippsMaxOrder_64f=ipps
ippsMax_16s=ipps
ippsMax_32f=ipps
ippsMax_32s=ipps
ippsMax_64f=ipps
ippsMeanStdDev_16s32s_Sfs=ipps
ippsMeanStdDev_16s_Sfs=ipps
ippsMeanStdDev_32f=ipps
ippsMeanStdDev_64f=ipps
ippsMean_16s_Sfs=ipps
ippsMean_16sc_Sfs=ipps
ippsMean_32f=ipps
ippsMean_32fc=ipps
ippsMean_32s_Sfs=ipps
ippsMean_64f=ipps
ippsMean_64fc=ipps
ippsMinAbsIndx_16s=ipps
ippsMinAbsIndx_32f=ipps
ippsMinAbsIndx_32s=ipps
ippsMinAbsIndx_64f=ipps
ippsMinAbs_16s=ipps
ippsMinAbs_32f=ipps
ippsMinAbs_32s=ipps
ippsMinAbs_64f=ipps
ippsMinEvery_16s_I=ipps
ippsMinEvery_16u=ipps
ippsMinEvery_16u_I=ipps
ippsMinEvery_32f=ipps
ippsMinEvery_32f_I=ipps
ippsMinEvery_32s_I=ipps
ippsMinEvery_64f=ipps
ippsMinEvery_64f_I=ipps
ippsMinEvery_8u=ipps
ippsMinEvery_8u_I=ipps
ippsMinIndx_16s=ipps
ippsMinIndx_32f=ipps
ippsMinIndx_32s=ipps
ippsMinIndx_64f=ipps
ippsMinMaxIndx_16s=ipps
ippsMinMaxIndx_16u=ipps
ippsMinMaxIndx_32f=ipps
ippsMinMaxIndx_32s=ipps
ippsMinMaxIndx_32u=ipps
ippsMinMaxIndx_64f=ipps
ippsMinMaxIndx_8u=ipps
ippsMinMax_16s=ipps
ippsMinMax_16u=ipps
ippsMinMax_32f=ipps
ippsMinMax_32s=ipps
ippsMinMax_32u=ipps
ippsMinMax_64f=ipps
ippsMinMax_8u=ipps
ippsMin_16s=ipps
ippsMin_32f=ipps
ippsMin_32s=ipps
ippsMin_64f=ipps
ippsMove_16s=ipps
ippsMove_16sc=ipps
ippsMove_32f=ipps
ippsMove_32fc=ipps
ippsMove_32s=ipps
ippsMove_32sc=ipps
ippsMove_64f=ipps
ippsMove_64fc=ipps
ippsMove_64s=ipps
ippsMove_64sc=ipps
ippsMove_8u=ipps
ippsMulC_16s_I=ipps
ippsMulC_16s_ISfs=ipps
ippsMulC_16s_Sfs=ipps
ippsMulC_16sc_ISfs=ipps
ippsMulC_16sc_Sfs=ipps
ippsMulC_16u_ISfs=ipps
ippsMulC_16u_Sfs=ipps
ippsMulC_32f=ipps
ippsMulC_32f16s_Sfs=ipps
ippsMulC_32f_I=ipps
ippsMulC_32f_I_L=ipps
ippsMulC_32f_L=ipps
ippsMulC_32fc=ipps
ippsMulC_32fc_I=ipps
ippsMulC_32fc_I_L=ipps
ippsMulC_32fc_L=ipps
ippsMulC_32s_ISfs=ipps
ippsMulC_32s_ISfs_L=ipps
ippsMulC_32s_Sfs=ipps
ippsMulC_32s_Sfs_L=ipps
ippsMulC_32sc_ISfs=ipps
ippsMulC_32sc_Sfs=ipps
ippsMulC_64f=ipps
ippsMulC_64f64s_ISfs=ipps
ippsMulC_64f_I=ipps
ippsMulC_64f_I_L=ipps
ippsMulC_64f_L=ipps
ippsMulC_64fc=ipps
ippsMulC_64fc_I=ipps
ippsMulC_64fc_I_L=ipps
ippsMulC_64fc_L=ipps
ippsMulC_64s_ISfs=ipps
ippsMulC_8u_ISfs=ipps
ippsMulC_8u_Sfs=ipps
ippsMulC_Low_32f16s=ipps
ippsMulPackConj_32f_I=ipps
ippsMulPackConj_64f_I=ipps
ippsMulPack_32f=ipps
ippsMulPack_32f_I=ipps
ippsMulPack_64f=ipps
ippsMulPack_64f_I=ipps
ippsMulPerm_32f=ipps
ippsMulPerm_32f_I=ipps
ippsMulPerm_64f=ipps
ippsMulPerm_64f_I=ipps
ippsMul_16s=ipps
ippsMul_16s32f=ipps
ippsMul_16s32s_Sfs=ipps
ippsMul_16s_I=ipps
ippsMul_16s_ISfs=ipps
ippsMul_16s_Sfs=ipps
ippsMul_16sc_ISfs=ipps
ippsMul_16sc_Sfs=ipps
ippsMul_16u16s_Sfs=ipps
ippsMul_16u_ISfs=ipps
ippsMul_16u_Sfs=ipps
ippsMul_32f=ipps
ippsMul_32f32fc=ipps
ippsMul_32f32fc_I=ipps
ippsMul_32f_I=ipps
ippsMul_32fc=ipps
ippsMul_32fc_I=ipps
ippsMul_32s_ISfs=ipps
ippsMul_32s_Sfs=ipps
ippsMul_32sc_ISfs=ipps
ippsMul_32sc_Sfs=ipps
ippsMul_64f=ipps
ippsMul_64f_I=ipps
ippsMul_64fc=ipps
ippsMul_64fc_I=ipps
ippsMul_8u16u=ipps
ippsMul_8u_ISfs=ipps
ippsMul_8u_Sfs=ipps
ippsNormDiff_Inf_16s32f=ipps
ippsNormDiff_Inf_16s32s_Sfs=ipps
ippsNormDiff_Inf_32f=ipps
ippsNormDiff_Inf_32fc32f=ipps
ippsNormDiff_Inf_64f=ipps
ippsNormDiff_Inf_64fc64f=ipps
ippsNormDiff_L1_16s32f=ipps
ippsNormDiff_L1_16s32s_Sfs=ipps
ippsNormDiff_L1_16s64s_Sfs=ipps
ippsNormDiff_L1_32f=ipps
ippsNormDiff_L1_32fc64f=ipps
ippsNormDiff_L1_64f=ipps
ippsNormDiff_L1_64fc64f=ipps
ippsNormDiff_L2Sqr_16s64s_Sfs=ipps
ippsNormDiff_L2_16s32f=ipps
ippsNormDiff_L2_16s32s_Sfs=ipps
ippsNormDiff_L2_32f=ipps
ippsNormDiff_L2_32fc64f=ipps
ippsNormDiff_L2_64f=ipps
ippsNormDiff_L2_64fc64f=ipps
ippsNorm_Inf_16s32f=ipps
ippsNorm_Inf_16s32s_Sfs=ipps
ippsNorm_Inf_32f=ipps
ippsNorm_Inf_32fc32f=ipps
ippsNorm_Inf_64f=ipps
ippsNorm_Inf_64fc64f=ipps
ippsNorm_L1_16s32f=ipps
ippsNorm_L1_16s32s_Sfs=ipps
ippsNorm_L1_16s64s_Sfs=ipps
ippsNorm_L1_32f=ipps
ippsNorm_L1_32fc64f=ipps
ippsNorm_L1_64f=ipps
ippsNorm_L1_64fc64f=ipps
ippsNorm_L2Sqr_16s64s_Sfs=ipps
ippsNorm_L2_16s32f=ipps
ippsNorm_L2_16s32s_Sfs=ipps
ippsNorm_L2_32f=ipps
ippsNorm_L2_32fc64f=ipps
ippsNorm_L2_64f=ipps
ippsNorm_L2_64fc64f=ipps
ippsNormalize_16s_ISfs=ipps
ippsNormalize_16s_Sfs=ipps
ippsNormalize_16sc_ISfs=ipps
ippsNormalize_16sc_Sfs=ipps
ippsNormalize_32f=ipps
ippsNormalize_32f_I=ipps
ippsNormalize_32fc=ipps
ippsNormalize_32fc_I=ipps
ippsNormalize_64f=ipps
ippsNormalize_64f_I=ipps
ippsNormalize_64fc=ipps
ippsNormalize_64fc_I=ipps
ippsNot_16u=ipps
ippsNot_16u_I=ipps
ippsNot_32u=ipps
ippsNot_32u_I=ipps
ippsNot_8u=ipps
ippsNot_8u_I=ipps
ippsOrC_16u=ipps
ippsOrC_16u_I=ipps
ippsOrC_32u=ipps
ippsOrC_32u_I=ipps
ippsOrC_8u=ipps
ippsOrC_8u_I=ipps
ippsOr_16u=ipps
ippsOr_16u_I=ipps
ippsOr_32u=ipps
ippsOr_32u_I=ipps
ippsOr_8u=ipps
ippsOr_8u_I=ipps
ippsPatternMatchGetBufferSize=ipps
ippsPatternMatch_8u16u=ipps
ippsPhase_16s32f=ipps
ippsPhase_16s_Sfs=ipps
ippsPhase_16sc32f=ipps
ippsPhase_16sc_Sfs=ipps
ippsPhase_32f=ipps
ippsPhase_32fc=ipps
ippsPhase_64f=ipps
ippsPhase_64fc=ipps
ippsPolarToCart_16sc_Sfs=ipps
ippsPolarToCart_32f=ipps
ippsPolarToCart_32fc=ipps
ippsPolarToCart_64f=ipps
ippsPolarToCart_64fc=ipps
ippsPowerSpectr_16s32f=ipps
ippsPowerSpectr_16s_Sfs=ipps
ippsPowerSpectr_16sc32f=ipps
ippsPowerSpectr_16sc_Sfs=ipps
ippsPowerSpectr_32f=ipps
ippsPowerSpectr_32fc=ipps
ippsPowerSpectr_64f=ipps
ippsPowerSpectr_64fc=ipps
ippsRShiftC_16s=ipps
ippsRShiftC_16s_I=ipps
ippsRShiftC_16u=ipps
ippsRShiftC_16u_I=ipps
ippsRShiftC_32s=ipps
ippsRShiftC_32s_I=ipps
ippsRShiftC_8u=ipps
ippsRShiftC_8u_I=ipps
ippsRandGaussGetSize_16s=ipps
ippsRandGaussGetSize_32f=ipps
ippsRandGaussGetSize_64f=ipps
ippsRandGaussGetSize_8u=ipps
ippsRandGaussInit_16s=ipps
ippsRandGaussInit_32f=ipps
ippsRandGaussInit_64f=ipps
ippsRandGaussInit_8u=ipps
ippsRandGauss_16s=ipps
ippsRandGauss_32f=ipps
ippsRandGauss_64f=ipps
ippsRandGauss_8u=ipps
ippsRandUniformGetSize_16s=ipps
ippsRandUniformGetSize_32f=ipps
ippsRandUniformGetSize_64f=ipps
ippsRandUniformGetSize_8u=ipps
ippsRandUniformInit_16s=ipps
ippsRandUniformInit_32f=ipps
ippsRandUniformInit_64f=ipps
ippsRandUniformInit_8u=ipps
ippsRandUniform_16s=ipps
ippsRandUniform_32f=ipps
ippsRandUniform_64f=ipps
ippsRandUniform_8u=ipps
ippsRealToCplx_16s=ipps
ippsRealToCplx_32f=ipps
ippsRealToCplx_64f=ipps
ippsReal_16sc=ipps
ippsReal_32fc=ipps
ippsReal_64fc=ipps
ippsReplaceNAN_32f_I=ipps
ippsReplaceNAN_64f_I=ipps
ippsResamplePolyphaseFixedGetSize_16s=ipps
ippsResamplePolyphaseFixedGetSize_32f=ipps
ippsResamplePolyphaseFixedInit_16s=ipps
ippsResamplePolyphaseFixedInit_32f=ipps
ippsResamplePolyphaseFixed_16s=ipps
ippsResamplePolyphaseFixed_32f=ipps
ippsResamplePolyphaseGetFixedFilter_16s=ipps
ippsResamplePolyphaseGetFixedFilter_32f=ipps
ippsResamplePolyphaseGetSize_16s=ipps
ippsResamplePolyphaseGetSize_32f=ipps
ippsResamplePolyphaseInit_16s=ipps
ippsResamplePolyphaseInit_32f=ipps
ippsResamplePolyphaseSetFixedFilter_16s=ipps
ippsResamplePolyphaseSetFixedFilter_32f=ipps
ippsResamplePolyphase_16s=ipps
ippsResamplePolyphase_32f=ipps
ippsSampleDown_16s=ipps
ippsSampleDown_16sc=ipps
ippsSampleDown_32f=ipps
ippsSampleDown_32fc=ipps
ippsSampleDown_64f=ipps
ippsSampleDown_64fc=ipps
ippsSampleUp_16s=ipps
ippsSampleUp_16sc=ipps
ippsSampleUp_32f=ipps
ippsSampleUp_32fc=ipps
ippsSampleUp_64f=ipps
ippsSampleUp_64fc=ipps
ippsSet_16s=ipps
ippsSet_16sc=ipps
ippsSet_32f=ipps
ippsSet_32fc=ipps
ippsSet_32s=ipps
ippsSet_32sc=ipps
ippsSet_64f=ipps
ippsSet_64fc=ipps
ippsSet_64s=ipps
ippsSet_64sc=ipps
ippsSet_8u=ipps
ippsSortAscend_16s_I=ipps
ippsSortAscend_16u_I=ipps
ippsSortAscend_32f_I=ipps
ippsSortAscend_32s_I=ipps
ippsSortAscend_64f_I=ipps
ippsSortAscend_8u_I=ipps
ippsSortDescend_16s_I=ipps
ippsSortDescend_16u_I=ipps
ippsSortDescend_32f_I=ipps
ippsSortDescend_32s_I=ipps
ippsSortDescend_64f_I=ipps
ippsSortDescend_8u_I=ipps
ippsSortIndexAscend_16s_I=ipps
ippsSortIndexAscend_16u_I=ipps
ippsSortIndexAscend_32f_I=ipps
ippsSortIndexAscend_32s_I=ipps
ippsSortIndexAscend_64f_I=ipps
ippsSortIndexAscend_8u_I=ipps
ippsSortIndexDescend_16s_I=ipps
ippsSortIndexDescend_16u_I=ipps
ippsSortIndexDescend_32f_I=ipps
ippsSortIndexDescend_32s_I=ipps
ippsSortIndexDescend_64f_I=ipps
ippsSortIndexDescend_8u_I=ipps
ippsSortRadixAscend_16s_I=ipps
ippsSortRadixAscend_16u_I=ipps
ippsSortRadixAscend_32f_I=ipps
ippsSortRadixAscend_32f_I_L=ipps
ippsSortRadixAscend_32s_I=ipps
ippsSortRadixAscend_32s_I_L=ipps
ippsSortRadixAscend_32u_I=ipps
ippsSortRadixAscend_64f_I=ipps
ippsSortRadixAscend_64f_I_L=ipps
ippsSortRadixAscend_64s_I=ipps
ippsSortRadixAscend_64s_I_L=ipps
ippsSortRadixAscend_64u_I=ipps
ippsSortRadixAscend_64u_I_L=ipps
ippsSortRadixAscend_8u_I=ipps
ippsSortRadixDescend_16s_I=ipps
ippsSortRadixDescend_16u_I=ipps
ippsSortRadixDescend_32f_I=ipps
ippsSortRadixDescend_32f_I_L=ipps
ippsSortRadixDescend_32s_I=ipps
ippsSortRadixDescend_32s_I_L=ipps
ippsSortRadixDescend_32u_I=ipps
ippsSortRadixDescend_64f_I=ipps
ippsSortRadixDescend_64f_I_L=ipps
ippsSortRadixDescend_64s_I=ipps
ippsSortRadixDescend_64s_I_L=ipps
ippsSortRadixDescend_64u_I=ipps
ippsSortRadixDescend_64u_I_L=ipps
ippsSortRadixDescend_8u_I=ipps
ippsSortRadixGetBufferSize=ipps
ippsSortRadixGetBufferSize_L=ipps
ippsSortRadixIndexAscend_16s=ipps
ippsSortRadixIndexAscend_16u=ipps
ippsSortRadixIndexAscend_32f=ipps
ippsSortRadixIndexAscend_32s=ipps
ippsSortRadixIndexAscend_32u=ipps
ippsSortRadixIndexAscend_64f=ipps
ippsSortRadixIndexAscend_64s=ipps
ippsSortRadixIndexAscend_64s_L=ipps
ippsSortRadixIndexAscend_64u=ipps
ippsSortRadixIndexAscend_64u_L=ipps
ippsSortRadixIndexAscend_8u=ipps
ippsSortRadixIndexDescend_16s=ipps
ippsSortRadixIndexDescend_16u=ipps
ippsSortRadixIndexDescend_32f=ipps
ippsSortRadixIndexDescend_32s=ipps
ippsSortRadixIndexDescend_32u=ipps
ippsSortRadixIndexDescend_64f=ipps
ippsSortRadixIndexDescend_64s=ipps
ippsSortRadixIndexDescend_64s_L=ipps
ippsSortRadixIndexDescend_64u=ipps
ippsSortRadixIndexDescend_64u_L=ipps
ippsSortRadixIndexDescend_8u=ipps
ippsSortRadixIndexGetBufferSize=ipps
ippsSortRadixIndexGetBufferSize_L=ipps
ippsSqr_16s_ISfs=ipps
ippsSqr_16s_Sfs=ipps
ippsSqr_16sc_ISfs=ipps
ippsSqr_16sc_Sfs=ipps
ippsSqr_16u_ISfs=ipps
ippsSqr_16u_Sfs=ipps
ippsSqr_32f=ipps
ippsSqr_32f_I=ipps
ippsSqr_32fc=ipps
ippsSqr_32fc_I=ipps
ippsSqr_64f=ipps
ippsSqr_64f_I=ipps
ippsSqr_64fc=ipps
ippsSqr_64fc_I=ipps
ippsSqr_8u_ISfs=ipps
ippsSqr_8u_Sfs=ipps
ippsSqrt_16s_ISfs=ipps
ippsSqrt_16s_Sfs=ipps
ippsSqrt_16sc_ISfs=ipps
ippsSqrt_16sc_Sfs=ipps
ippsSqrt_16u_ISfs=ipps
ippsSqrt_16u_Sfs=ipps
ippsSqrt_32f=ipps
ippsSqrt_32f_I=ipps
ippsSqrt_32fc=ipps
ippsSqrt_32fc_I=ipps
ippsSqrt_32s16s_Sfs=ipps
ippsSqrt_64f=ipps
ippsSqrt_64f_I=ipps
ippsSqrt_64fc=ipps
ippsSqrt_64fc_I=ipps
ippsSqrt_8u_ISfs=ipps
ippsSqrt_8u_Sfs=ipps
ippsStdDev_16s32s_Sfs=ipps
ippsStdDev_16s_Sfs=ipps
ippsStdDev_32f=ipps
ippsStdDev_64f=ipps
ippsSubCRev_16s_ISfs=ipps
ippsSubCRev_16s_Sfs=ipps
ippsSubCRev_16sc_ISfs=ipps
ippsSubCRev_16sc_Sfs=ipps
ippsSubCRev_16u_ISfs=ipps
ippsSubCRev_16u_Sfs=ipps
ippsSubCRev_32f=ipps
ippsSubCRev_32f_I=ipps
ippsSubCRev_32fc=ipps
ippsSubCRev_32fc_I=ipps
ippsSubCRev_32s_ISfs=ipps
ippsSubCRev_32s_Sfs=ipps
ippsSubCRev_32sc_ISfs=ipps
ippsSubCRev_32sc_Sfs=ipps
ippsSubCRev_64f=ipps
ippsSubCRev_64f_I=ipps
ippsSubCRev_64fc=ipps
ippsSubCRev_64fc_I=ipps
ippsSubCRev_8u_ISfs=ipps
ippsSubCRev_8u_Sfs=ipps
ippsSubC_16s_I=ipps
ippsSubC_16s_ISfs=ipps
ippsSubC_16s_Sfs=ipps
ippsSubC_16sc_ISfs=ipps
ippsSubC_16sc_Sfs=ipps
ippsSubC_16u_ISfs=ipps
ippsSubC_16u_Sfs=ipps
ippsSubC_32f=ipps
ippsSubC_32f_I=ipps
ippsSubC_32fc=ipps
ippsSubC_32fc_I=ipps
ippsSubC_32s_ISfs=ipps
ippsSubC_32s_Sfs=ipps
ippsSubC_32sc_ISfs=ipps
ippsSubC_32sc_Sfs=ipps
ippsSubC_64f=ipps
ippsSubC_64f_I=ipps
ippsSubC_64fc=ipps
ippsSubC_64fc_I=ipps
ippsSubC_8u_ISfs=ipps
ippsSubC_8u_Sfs=ipps
ippsSub_16s=ipps
ippsSub_16s32f=ipps
ippsSub_16s_I=ipps
ippsSub_16s_ISfs=ipps
ippsSub_16s_Sfs=ipps
ippsSub_16sc_ISfs=ipps
ippsSub_16sc_Sfs=ipps
ippsSub_16u_ISfs=ipps
ippsSub_16u_Sfs=ipps
ippsSub_32f=ipps
ippsSub_32f_I=ipps
ippsSub_32fc=ipps
ippsSub_32fc_I=ipps
ippsSub_32s_ISfs=ipps
ippsSub_32s_Sfs=ipps
ippsSub_32sc_ISfs=ipps
ippsSub_32sc_Sfs=ipps
ippsSub_64f=ipps
ippsSub_64f_I=ipps
ippsSub_64fc=ipps
ippsSub_64fc_I=ipps
ippsSub_8u_ISfs=ipps
ippsSub_8u_Sfs=ipps
ippsSumLn_16s32f=ipps
ippsSumLn_32f=ipps
ippsSumLn_32f64f=ipps
ippsSumLn_64f=ipps
ippsSumWindow_16s32f=ipps
ippsSumWindow_8u32f=ipps
ippsSum_16s32s_Sfs=ipps
ippsSum_16s_Sfs=ipps
ippsSum_16sc32sc_Sfs=ipps
ippsSum_16sc_Sfs=ipps
ippsSum_32f=ipps
ippsSum_32fc=ipps
ippsSum_32s_Sfs=ipps
ippsSum_64f=ipps
ippsSum_64fc=ipps
ippsSwapBytes_16u=ipps
ippsSwapBytes_16u_I=ipps
ippsSwapBytes_24u=ipps
ippsSwapBytes_24u_I=ipps
ippsSwapBytes_32u=ipps
ippsSwapBytes_32u_I=ipps
ippsSwapBytes_64u=ipps
ippsSwapBytes_64u_I=ipps
ippsThreshold_16s=ipps
ippsThreshold_16s_I=ipps
ippsThreshold_16sc=ipps
ippsThreshold_16sc_I=ipps
ippsThreshold_32f=ipps
ippsThreshold_32f_I=ipps
ippsThreshold_32fc=ipps
ippsThreshold_32fc_I=ipps
ippsThreshold_64f=ipps
ippsThreshold_64f_I=ipps
ippsThreshold_64fc=ipps
ippsThreshold_64fc_I=ipps
ippsThreshold_GTAbs_16s=ipps
ippsThreshold_GTAbs_16s_I=ipps
ippsThreshold_GTAbs_32f=ipps
ippsThreshold_GTAbs_32f_I=ipps
ippsThreshold_GTAbs_32s=ipps
ippsThreshold_GTAbs_32s_I=ipps
ippsThreshold_GTAbs_64f=ipps
ippsThreshold_GTAbs_64f_I=ipps
ippsThreshold_GTVal_16s=ipps
ippsThreshold_GTVal_16s_I=ipps
ippsThreshold_GTVal_16sc=ipps
ippsThreshold_GTVal_16sc_I=ipps
ippsThreshold_GTVal_32f=ipps
ippsThreshold_GTVal_32f_I=ipps
ippsThreshold_GTVal_32fc=ipps
ippsThreshold_GTVal_32fc_I=ipps
ippsThreshold_GTVal_64f=ipps
ippsThreshold_GTVal_64f_I=ipps
ippsThreshold_GTVal_64fc=ipps
ippsThreshold_GTVal_64fc_I=ipps
ippsThreshold_GT_16s=ipps
ippsThreshold_GT_16s_I=ipps
ippsThreshold_GT_16sc=ipps
ippsThreshold_GT_16sc_I=ipps
ippsThreshold_GT_32f=ipps
ippsThreshold_GT_32f_I=ipps
ippsThreshold_GT_32fc=ipps
ippsThreshold_GT_32fc_I=ipps
ippsThreshold_GT_32s=ipps
ippsThreshold_GT_32s_I=ipps
ippsThreshold_GT_64f=ipps
ippsThreshold_GT_64f_I=ipps
ippsThreshold_GT_64fc=ipps
ippsThreshold_GT_64fc_I=ipps
ippsThreshold_LTAbsVal_16s=ipps
ippsThreshold_LTAbsVal_16s_I=ipps
ippsThreshold_LTAbsVal_32f=ipps
ippsThreshold_LTAbsVal_32f_I=ipps
ippsThreshold_LTAbsVal_32s=ipps
ippsThreshold_LTAbsVal_32s_I=ipps
ippsThreshold_LTAbsVal_64f=ipps
ippsThreshold_LTAbsVal_64f_I=ipps
ippsThreshold_LTAbs_16s=ipps
ippsThreshold_LTAbs_16s_I=ipps
ippsThreshold_LTAbs_32f=ipps
ippsThreshold_LTAbs_32f_I=ipps
ippsThreshold_LTAbs_32s=ipps
ippsThreshold_LTAbs_32s_I=ipps
ippsThreshold_LTAbs_64f=ipps
ippsThreshold_LTAbs_64f_I=ipps
ippsThreshold_LTInv_32f=ipps
ippsThreshold_LTInv_32f_I=ipps
ippsThreshold_LTInv_32fc=ipps
ippsThreshold_LTInv_32fc_I=ipps
ippsThreshold_LTInv_64f=ipps
ippsThreshold_LTInv_64f_I=ipps
ippsThreshold_LTInv_64fc=ipps
ippsThreshold_LTInv_64fc_I=ipps
ippsThreshold_LTValGTVal_16s=ipps
ippsThreshold_LTValGTVal_16s_I=ipps
ippsThreshold_LTValGTVal_32f=ipps
ippsThreshold_LTValGTVal_32f_I=ipps
ippsThreshold_LTValGTVal_32s=ipps
ippsThreshold_LTValGTVal_32s_I=ipps
ippsThreshold_LTValGTVal_64f=ipps
ippsThreshold_LTValGTVal_64f_I=ipps
ippsThreshold_LTVal_16s=ipps
ippsThreshold_LTVal_16s_I=ipps
ippsThreshold_LTVal_16sc=ipps
ippsThreshold_LTVal_16sc_I=ipps
ippsThreshold_LTVal_32f=ipps
ippsThreshold_LTVal_32f_I=ipps
ippsThreshold_LTVal_32fc=ipps
ippsThreshold_LTVal_32fc_I=ipps
ippsThreshold_LTVal_64f=ipps
ippsThreshold_LTVal_64f_I=ipps
ippsThreshold_LTVal_64fc=ipps
ippsThreshold_LTVal_64fc_I=ipps
ippsThreshold_LT_16s=ipps
ippsThreshold_LT_16s_I=ipps
ippsThreshold_LT_16sc=ipps
ippsThreshold_LT_16sc_I=ipps
ippsThreshold_LT_32f=ipps
ippsThreshold_LT_32f_I=ipps
ippsThreshold_LT_32fc=ipps
ippsThreshold_LT_32fc_I=ipps
ippsThreshold_LT_32s=ipps
ippsThreshold_LT_32s_I=ipps
ippsThreshold_LT_64f=ipps
ippsThreshold_LT_64f_I=ipps
ippsThreshold_LT_64fc=ipps
ippsThreshold_LT_64fc_I=ipps
ippsTone_16s=ipps
ippsTone_16sc=ipps
ippsTone_32f=ipps
ippsTone_32fc=ipps
ippsTone_64f=ipps
ippsTone_64fc=ipps
ippsTopKGetBufferSize=ipps
ippsTopKInit_32f=ipps
ippsTopKInit_32s=ipps
ippsTopK_32f=ipps
ippsTopK_32s=ipps
ippsTriangle_16s=ipps
ippsTriangle_16sc=ipps
ippsTriangle_32f=ipps
ippsTriangle_32fc=ipps
ippsTriangle_64f=ipps
ippsTriangle_64fc=ipps
ippsVectorJaehne_16s=ipps
ippsVectorJaehne_16u=ipps
ippsVectorJaehne_32f=ipps
ippsVectorJaehne_32s=ipps
ippsVectorJaehne_64f=ipps
ippsVectorJaehne_8u=ipps
ippsVectorSlope_16s=ipps
ippsVectorSlope_16u=ipps
ippsVectorSlope_32f=ipps
ippsVectorSlope_32s=ipps
ippsVectorSlope_32u=ipps
ippsVectorSlope_64f=ipps
ippsVectorSlope_8u=ipps
ippsWTFwdGetDlyLine_16s32f=ipps
ippsWTFwdGetDlyLine_16u32f=ipps
ippsWTFwdGetDlyLine_32f=ipps
ippsWTFwdGetDlyLine_8u32f=ipps
ippsWTFwdGetSize=ipps
ippsWTFwdInit_16s32f=ipps
ippsWTFwdInit_16u32f=ipps
ippsWTFwdInit_32f=ipps
ippsWTFwdInit_8u32f=ipps
ippsWTFwdSetDlyLine_16s32f=ipps
ippsWTFwdSetDlyLine_16u32f=ipps
ippsWTFwdSetDlyLine_32f=ipps
ippsWTFwdSetDlyLine_8u32f=ipps
ippsWTFwd_16s32f=ipps
ippsWTFwd_16u32f=ipps
ippsWTFwd_32f=ipps
ippsWTFwd_8u32f=ipps
ippsWTHaarFwd_16s_Sfs=ipps
ippsWTHaarFwd_32f=ipps
ippsWTHaarFwd_64f=ipps
ippsWTHaarInv_16s_Sfs=ipps
ippsWTHaarInv_32f=ipps
ippsWTHaarInv_64f=ipps
ippsWTInvGetDlyLine_32f=ipps
ippsWTInvGetDlyLine_32f16s=ipps
ippsWTInvGetDlyLine_32f16u=ipps
ippsWTInvGetDlyLine_32f8u=ipps
ippsWTInvGetSize=ipps
ippsWTInvInit_32f=ipps
ippsWTInvInit_32f16s=ipps
ippsWTInvInit_32f16u=ipps
ippsWTInvInit_32f8u=ipps
ippsWTInvSetDlyLine_32f=ipps
ippsWTInvSetDlyLine_32f16s=ipps
ippsWTInvSetDlyLine_32f16u=ipps
ippsWTInvSetDlyLine_32f8u=ipps
ippsWTInv_32f=ipps
ippsWTInv_32f16s=ipps
ippsWTInv_32f16u=ipps
ippsWTInv_32f8u=ipps
ippsWinBartlett_16s=ipps
ippsWinBartlett_16s_I=ipps
ippsWinBartlett_16sc=ipps
ippsWinBartlett_16sc_I=ipps
ippsWinBartlett_32f=ipps
ippsWinBartlett_32f_I=ipps
ippsWinBartlett_32fc=ipps
ippsWinBartlett_32fc_I=ipps
ippsWinBartlett_64f=ipps
ippsWinBartlett_64f_I=ipps
ippsWinBartlett_64fc=ipps
ippsWinBartlett_64fc_I=ipps
ippsWinBlackmanOpt_16s=ipps
ippsWinBlackmanOpt_16s_I=ipps
ippsWinBlackmanOpt_16sc=ipps
ippsWinBlackmanOpt_16sc_I=ipps
ippsWinBlackmanOpt_32f=ipps
ippsWinBlackmanOpt_32f_I=ipps
ippsWinBlackmanOpt_32fc=ipps
ippsWinBlackmanOpt_32fc_I=ipps
ippsWinBlackmanOpt_64f=ipps
ippsWinBlackmanOpt_64f_I=ipps
ippsWinBlackmanOpt_64fc=ipps
ippsWinBlackmanOpt_64fc_I=ipps
ippsWinBlackmanStd_16s=ipps
ippsWinBlackmanStd_16s_I=ipps
ippsWinBlackmanStd_16sc=ipps
ippsWinBlackmanStd_16sc_I=ipps
ippsWinBlackmanStd_32f=ipps
ippsWinBlackmanStd_32f_I=ipps
ippsWinBlackmanStd_32fc=ipps
ippsWinBlackmanStd_32fc_I=ipps
ippsWinBlackmanStd_64f=ipps
ippsWinBlackmanStd_64f_I=ipps
ippsWinBlackmanStd_64fc=ipps
ippsWinBlackmanStd_64fc_I=ipps
ippsWinBlackman_16s=ipps
ippsWinBlackman_16s_I=ipps
ippsWinBlackman_16sc=ipps
ippsWinBlackman_16sc_I=ipps
ippsWinBlackman_32f=ipps
ippsWinBlackman_32f_I=ipps
ippsWinBlackman_32fc=ipps
ippsWinBlackman_32fc_I=ipps
ippsWinBlackman_64f=ipps
ippsWinBlackman_64f_I=ipps
ippsWinBlackman_64fc=ipps
ippsWinBlackman_64fc_I=ipps
ippsWinHamming_16s=ipps
ippsWinHamming_16s_I=ipps
ippsWinHamming_16sc=ipps
ippsWinHamming_16sc_I=ipps
ippsWinHamming_32f=ipps
ippsWinHamming_32f_I=ipps
ippsWinHamming_32fc=ipps
ippsWinHamming_32fc_I=ipps
ippsWinHamming_64f=ipps
ippsWinHamming_64f_I=ipps
ippsWinHamming_64fc=ipps
ippsWinHamming_64fc_I=ipps
ippsWinHann_16s=ipps
ippsWinHann_16s_I=ipps
ippsWinHann_16sc=ipps
ippsWinHann_16sc_I=ipps
ippsWinHann_32f=ipps
ippsWinHann_32f_I=ipps
ippsWinHann_32fc=ipps
ippsWinHann_32fc_I=ipps
ippsWinHann_64f=ipps
ippsWinHann_64f_I=ipps
ippsWinHann_64fc=ipps
ippsWinHann_64fc_I=ipps
ippsWinKaiser_16s=ipps
ippsWinKaiser_16s_I=ipps
ippsWinKaiser_16sc=ipps
ippsWinKaiser_16sc_I=ipps
ippsWinKaiser_32f=ipps
ippsWinKaiser_32f_I=ipps
ippsWinKaiser_32fc=ipps
ippsWinKaiser_32fc_I=ipps
ippsWinKaiser_64f=ipps
ippsWinKaiser_64f_I=ipps
ippsWinKaiser_64fc=ipps
ippsWinKaiser_64fc_I=ipps
ippsXorC_16u=ipps
ippsXorC_16u_I=ipps
ippsXorC_32u=ipps
ippsXorC_32u_I=ipps
ippsXorC_8u=ipps
ippsXorC_8u_I=ipps
ippsXor_16u=ipps
ippsXor_16u_I=ipps
ippsXor_32u=ipps
ippsXor_32u_I=ipps
ippsXor_8u=ipps
ippsXor_8u_I=ipps
ippsZeroCrossing_16s32f=ipps
ippsZeroCrossing_32f=ipps
ippsZero_16s=ipps
ippsZero_16sc=ipps
ippsZero_32f=ipps
ippsZero_32fc=ipps
ippsZero_32s=ipps
ippsZero_32sc=ipps
ippsZero_64f=ipps
ippsZero_64fc=ipps
ippsZero_64s=ipps
ippsZero_64sc=ipps
ippsZero_8u=ipps
