ippsAbs_32f_A24=ippvm
ippsAbs_32fc_A11=ippvm
ippsAbs_32fc_A21=ippvm
ippsAbs_32fc_A24=ippvm
ippsAbs_64f_A53=ippvm
ippsAbs_64fc_A26=ippvm
ippsAbs_64fc_A50=ippvm
ippsAbs_64fc_A53=ippvm
ippsAcos_32f_A11=ippvm
ippsAcos_32f_A21=ippvm
ippsAcos_32f_A24=ippvm
ippsAcos_32fc_A11=ippvm
ippsAcos_32fc_A21=ippvm
ippsAcos_32fc_A24=ippvm
ippsAcos_64f_A26=ippvm
ippsAcos_64f_A50=ippvm
ippsAcos_64f_A53=ippvm
ippsAcos_64fc_A26=ippvm
ippsAcos_64fc_A50=ippvm
ippsAcos_64fc_A53=ippvm
ippsAcosh_32f_A11=ippvm
ippsAcosh_32f_A21=ippvm
ippsAcosh_32f_A24=ippvm
ippsAcosh_32fc_A11=ippvm
ippsAcosh_32fc_A21=ippvm
ippsAcosh_32fc_A24=ippvm
ippsAcosh_64f_A26=ippvm
ippsAcosh_64f_A50=ippvm
ippsAcosh_64f_A53=ippvm
ippsAcosh_64fc_A26=ippvm
ippsAcosh_64fc_A50=ippvm
ippsAcosh_64fc_A53=ippvm
ippsAdd_32f_A24=ippvm
ippsAdd_32fc_A24=ippvm
ippsAdd_64f_A53=ippvm
ippsAdd_64fc_A53=ippvm
ippsArg_32fc_A11=ippvm
ippsArg_32fc_A21=ippvm
ippsArg_32fc_A24=ippvm
ippsArg_64fc_A26=ippvm
ippsArg_64fc_A50=ippvm
ippsArg_64fc_A53=ippvm
ippsAsin_32f_A11=ippvm
ippsAsin_32f_A21=ippvm
ippsAsin_32f_A24=ippvm
ippsAsin_32fc_A11=ippvm
ippsAsin_32fc_A21=ippvm
ippsAsin_32fc_A24=ippvm
ippsAsin_64f_A26=ippvm
ippsAsin_64f_A50=ippvm
ippsAsin_64f_A53=ippvm
ippsAsin_64fc_A26=ippvm
ippsAsin_64fc_A50=ippvm
ippsAsin_64fc_A53=ippvm
ippsAsinh_32f_A11=ippvm
ippsAsinh_32f_A21=ippvm
ippsAsinh_32f_A24=ippvm
ippsAsinh_32fc_A11=ippvm
ippsAsinh_32fc_A21=ippvm
ippsAsinh_32fc_A24=ippvm
ippsAsinh_64f_A26=ippvm
ippsAsinh_64f_A50=ippvm
ippsAsinh_64f_A53=ippvm
ippsAsinh_64fc_A26=ippvm
ippsAsinh_64fc_A50=ippvm
ippsAsinh_64fc_A53=ippvm
ippsAtan2_32f_A11=ippvm
ippsAtan2_32f_A21=ippvm
ippsAtan2_32f_A24=ippvm
ippsAtan2_64f_A26=ippvm
ippsAtan2_64f_A50=ippvm
ippsAtan2_64f_A53=ippvm
ippsAtan_32f_A11=ippvm
ippsAtan_32f_A21=ippvm
ippsAtan_32f_A24=ippvm
ippsAtan_32fc_A11=ippvm
ippsAtan_32fc_A21=ippvm
ippsAtan_32fc_A24=ippvm
ippsAtan_64f_A26=ippvm
ippsAtan_64f_A50=ippvm
ippsAtan_64f_A53=ippvm
ippsAtan_64fc_A26=ippvm
ippsAtan_64fc_A50=ippvm
ippsAtan_64fc_A53=ippvm
ippsAtanh_32f_A11=ippvm
ippsAtanh_32f_A21=ippvm
ippsAtanh_32f_A24=ippvm
ippsAtanh_32fc_A11=ippvm
ippsAtanh_32fc_A21=ippvm
ippsAtanh_32fc_A24=ippvm
ippsAtanh_64f_A26=ippvm
ippsAtanh_64f_A50=ippvm
ippsAtanh_64f_A53=ippvm
ippsAtanh_64fc_A26=ippvm
ippsAtanh_64fc_A50=ippvm
ippsAtanh_64fc_A53=ippvm
ippsCIS_32fc_A11=ippvm
ippsCIS_32fc_A21=ippvm
ippsCIS_32fc_A24=ippvm
ippsCIS_64fc_A26=ippvm
ippsCIS_64fc_A50=ippvm
ippsCIS_64fc_A53=ippvm
ippsCbrt_32f_A11=ippvm
ippsCbrt_32f_A21=ippvm
ippsCbrt_32f_A24=ippvm
ippsCbrt_64f_A26=ippvm
ippsCbrt_64f_A50=ippvm
ippsCbrt_64f_A53=ippvm
ippsCdfNormInv_32f_A11=ippvm
ippsCdfNormInv_32f_A21=ippvm
ippsCdfNormInv_32f_A24=ippvm
ippsCdfNormInv_64f_A26=ippvm
ippsCdfNormInv_64f_A50=ippvm
ippsCdfNormInv_64f_A53=ippvm
ippsCdfNorm_32f_A11=ippvm
ippsCdfNorm_32f_A21=ippvm
ippsCdfNorm_32f_A24=ippvm
ippsCdfNorm_64f_A26=ippvm
ippsCdfNorm_64f_A50=ippvm
ippsCdfNorm_64f_A53=ippvm
ippsCeil_32f=ippvm
ippsCeil_64f=ippvm
ippsConj_32fc_A24=ippvm
ippsConj_64fc_A53=ippvm
ippsCos_32f_A11=ippvm
ippsCos_32f_A21=ippvm
ippsCos_32f_A24=ippvm
ippsCos_32fc_A11=ippvm
ippsCos_32fc_A21=ippvm
ippsCos_32fc_A24=ippvm
ippsCos_64f_A26=ippvm
ippsCos_64f_A50=ippvm
ippsCos_64f_A53=ippvm
ippsCos_64fc_A26=ippvm
ippsCos_64fc_A50=ippvm
ippsCos_64fc_A53=ippvm
ippsCosh_32f_A11=ippvm
ippsCosh_32f_A21=ippvm
ippsCosh_32f_A24=ippvm
ippsCosh_32fc_A11=ippvm
ippsCosh_32fc_A21=ippvm
ippsCosh_32fc_A24=ippvm
ippsCosh_64f_A26=ippvm
ippsCosh_64f_A50=ippvm
ippsCosh_64f_A53=ippvm
ippsCosh_64fc_A26=ippvm
ippsCosh_64fc_A50=ippvm
ippsCosh_64fc_A53=ippvm
ippsDiv_32f_A11=ippvm
ippsDiv_32f_A21=ippvm
ippsDiv_32f_A24=ippvm
ippsDiv_32fc_A11=ippvm
ippsDiv_32fc_A21=ippvm
ippsDiv_32fc_A24=ippvm
ippsDiv_64f_A26=ippvm
ippsDiv_64f_A50=ippvm
ippsDiv_64f_A53=ippvm
ippsDiv_64fc_A26=ippvm
ippsDiv_64fc_A50=ippvm
ippsDiv_64fc_A53=ippvm
ippsErfInv_32f_A11=ippvm
ippsErfInv_32f_A21=ippvm
ippsErfInv_32f_A24=ippvm
ippsErfInv_64f_A26=ippvm
ippsErfInv_64f_A50=ippvm
ippsErfInv_64f_A53=ippvm
ippsErf_32f_A11=ippvm
ippsErf_32f_A21=ippvm
ippsErf_32f_A24=ippvm
ippsErf_64f_A26=ippvm
ippsErf_64f_A50=ippvm
ippsErf_64f_A53=ippvm
ippsErfcInv_32f_A11=ippvm
ippsErfcInv_32f_A21=ippvm
ippsErfcInv_32f_A24=ippvm
ippsErfcInv_64f_A26=ippvm
ippsErfcInv_64f_A50=ippvm
ippsErfcInv_64f_A53=ippvm
ippsErfc_32f_A11=ippvm
ippsErfc_32f_A21=ippvm
ippsErfc_32f_A24=ippvm
ippsErfc_64f_A26=ippvm
ippsErfc_64f_A50=ippvm
ippsErfc_64f_A53=ippvm
ippsExp_32f_A11=ippvm
ippsExp_32f_A21=ippvm
ippsExp_32f_A24=ippvm
ippsExp_32fc_A11=ippvm
ippsExp_32fc_A21=ippvm
ippsExp_32fc_A24=ippvm
ippsExp_64f_A26=ippvm
ippsExp_64f_A50=ippvm
ippsExp_64f_A53=ippvm
ippsExp_64fc_A26=ippvm
ippsExp_64fc_A50=ippvm
ippsExp_64fc_A53=ippvm
ippsExpm1_32f_A11=ippvm
ippsExpm1_32f_A21=ippvm
ippsExpm1_32f_A24=ippvm
ippsExpm1_64f_A26=ippvm
ippsExpm1_64f_A50=ippvm
ippsExpm1_64f_A53=ippvm
ippsFloor_32f=ippvm
ippsFloor_64f=ippvm
ippsFrac_32f=ippvm
ippsFrac_64f=ippvm
ippsHypot_32f_A11=ippvm
ippsHypot_32f_A21=ippvm
ippsHypot_32f_A24=ippvm
ippsHypot_64f_A26=ippvm
ippsHypot_64f_A50=ippvm
ippsHypot_64f_A53=ippvm
ippsInvCbrt_32f_A11=ippvm
ippsInvCbrt_32f_A21=ippvm
ippsInvCbrt_32f_A24=ippvm
ippsInvCbrt_64f_A26=ippvm
ippsInvCbrt_64f_A50=ippvm
ippsInvCbrt_64f_A53=ippvm
ippsInvSqrt_32f_A11=ippvm
ippsInvSqrt_32f_A21=ippvm
ippsInvSqrt_32f_A24=ippvm
ippsInvSqrt_64f_A26=ippvm
ippsInvSqrt_64f_A50=ippvm
ippsInvSqrt_64f_A53=ippvm
ippsInv_32f_A11=ippvm
ippsInv_32f_A21=ippvm
ippsInv_32f_A24=ippvm
ippsInv_64f_A26=ippvm
ippsInv_64f_A50=ippvm
ippsInv_64f_A53=ippvm
ippsLn_32f_A11=ippvm
ippsLn_32f_A21=ippvm
ippsLn_32f_A24=ippvm
ippsLn_32fc_A11=ippvm
ippsLn_32fc_A21=ippvm
ippsLn_32fc_A24=ippvm
ippsLn_64f_A26=ippvm
ippsLn_64f_A50=ippvm
ippsLn_64f_A53=ippvm
ippsLn_64fc_A26=ippvm
ippsLn_64fc_A50=ippvm
ippsLn_64fc_A53=ippvm
ippsLog10_32f_A11=ippvm
ippsLog10_32f_A21=ippvm
ippsLog10_32f_A24=ippvm
ippsLog10_32fc_A11=ippvm
ippsLog10_32fc_A21=ippvm
ippsLog10_32fc_A24=ippvm
ippsLog10_64f_A26=ippvm
ippsLog10_64f_A50=ippvm
ippsLog10_64f_A53=ippvm
ippsLog10_64fc_A26=ippvm
ippsLog10_64fc_A50=ippvm
ippsLog10_64fc_A53=ippvm
ippsLog1p_32f_A11=ippvm
ippsLog1p_32f_A21=ippvm
ippsLog1p_32f_A24=ippvm
ippsLog1p_64f_A26=ippvm
ippsLog1p_64f_A50=ippvm
ippsLog1p_64f_A53=ippvm
ippsModf_32f=ippvm
ippsModf_64f=ippvm
ippsMulByConj_32fc_A11=ippvm
ippsMulByConj_32fc_A21=ippvm
ippsMulByConj_32fc_A24=ippvm
ippsMulByConj_64fc_A26=ippvm
ippsMulByConj_64fc_A50=ippvm
ippsMulByConj_64fc_A53=ippvm
ippsMul_32f_A24=ippvm
ippsMul_32fc_A11=ippvm
ippsMul_32fc_A21=ippvm
ippsMul_32fc_A24=ippvm
ippsMul_64f_A53=ippvm
ippsMul_64fc_A26=ippvm
ippsMul_64fc_A50=ippvm
ippsMul_64fc_A53=ippvm
ippsNearbyInt_32f=ippvm
ippsNearbyInt_64f=ippvm
ippsPow2o3_32f_A11=ippvm
ippsPow2o3_32f_A21=ippvm
ippsPow2o3_32f_A24=ippvm
ippsPow2o3_64f_A26=ippvm
ippsPow2o3_64f_A50=ippvm
ippsPow2o3_64f_A53=ippvm
ippsPow3o2_32f_A11=ippvm
ippsPow3o2_32f_A21=ippvm
ippsPow3o2_32f_A24=ippvm
ippsPow3o2_64f_A26=ippvm
ippsPow3o2_64f_A50=ippvm
ippsPow3o2_64f_A53=ippvm
ippsPow_32f_A11=ippvm
ippsPow_32f_A21=ippvm
ippsPow_32f_A24=ippvm
ippsPow_32fc_A11=ippvm
ippsPow_32fc_A21=ippvm
ippsPow_32fc_A24=ippvm
ippsPow_64f_A26=ippvm
ippsPow_64f_A50=ippvm
ippsPow_64f_A53=ippvm
ippsPow_64fc_A26=ippvm
ippsPow_64fc_A50=ippvm
ippsPow_64fc_A53=ippvm
ippsPowx_32f_A11=ippvm
ippsPowx_32f_A21=ippvm
ippsPowx_32f_A24=ippvm
ippsPowx_32fc_A11=ippvm
ippsPowx_32fc_A21=ippvm
ippsPowx_32fc_A24=ippvm
ippsPowx_64f_A26=ippvm
ippsPowx_64f_A50=ippvm
ippsPowx_64f_A53=ippvm
ippsPowx_64fc_A26=ippvm
ippsPowx_64fc_A50=ippvm
ippsPowx_64fc_A53=ippvm
ippsRint_32f=ippvm
ippsRint_64f=ippvm
ippsRound_32f=ippvm
ippsRound_64f=ippvm
ippsSinCos_32f_A11=ippvm
ippsSinCos_32f_A21=ippvm
ippsSinCos_32f_A24=ippvm
ippsSinCos_64f_A26=ippvm
ippsSinCos_64f_A50=ippvm
ippsSinCos_64f_A53=ippvm
ippsSin_32f_A11=ippvm
ippsSin_32f_A21=ippvm
ippsSin_32f_A24=ippvm
ippsSin_32fc_A11=ippvm
ippsSin_32fc_A21=ippvm
ippsSin_32fc_A24=ippvm
ippsSin_64f_A26=ippvm
ippsSin_64f_A50=ippvm
ippsSin_64f_A53=ippvm
ippsSin_64fc_A26=ippvm
ippsSin_64fc_A50=ippvm
ippsSin_64fc_A53=ippvm
ippsSinh_32f_A11=ippvm
ippsSinh_32f_A21=ippvm
ippsSinh_32f_A24=ippvm
ippsSinh_32fc_A11=ippvm
ippsSinh_32fc_A21=ippvm
ippsSinh_32fc_A24=ippvm
ippsSinh_64f_A26=ippvm
ippsSinh_64f_A50=ippvm
ippsSinh_64f_A53=ippvm
ippsSinh_64fc_A26=ippvm
ippsSinh_64fc_A50=ippvm
ippsSinh_64fc_A53=ippvm
ippsSqr_32f_A24=ippvm
ippsSqr_64f_A53=ippvm
ippsSqrt_32f_A11=ippvm
ippsSqrt_32f_A21=ippvm
ippsSqrt_32f_A24=ippvm
ippsSqrt_32fc_A11=ippvm
ippsSqrt_32fc_A21=ippvm
ippsSqrt_32fc_A24=ippvm
ippsSqrt_64f_A26=ippvm
ippsSqrt_64f_A50=ippvm
ippsSqrt_64f_A53=ippvm
ippsSqrt_64fc_A26=ippvm
ippsSqrt_64fc_A50=ippvm
ippsSqrt_64fc_A53=ippvm
ippsSub_32f_A24=ippvm
ippsSub_32fc_A24=ippvm
ippsSub_64f_A53=ippvm
ippsSub_64fc_A53=ippvm
ippsTan_32f_A11=ippvm
ippsTan_32f_A21=ippvm
ippsTan_32f_A24=ippvm
ippsTan_32fc_A11=ippvm
ippsTan_32fc_A21=ippvm
ippsTan_32fc_A24=ippvm
ippsTan_64f_A26=ippvm
ippsTan_64f_A50=ippvm
ippsTan_64f_A53=ippvm
ippsTan_64fc_A26=ippvm
ippsTan_64fc_A50=ippvm
ippsTan_64fc_A53=ippvm
ippsTanh_32f_A11=ippvm
ippsTanh_32f_A21=ippvm
ippsTanh_32f_A24=ippvm
ippsTanh_32fc_A11=ippvm
ippsTanh_32fc_A21=ippvm
ippsTanh_32fc_A24=ippvm
ippsTanh_64f_A26=ippvm
ippsTanh_64f_A50=ippvm
ippsTanh_64f_A53=ippvm
ippsTanh_64fc_A26=ippvm
ippsTanh_64fc_A50=ippvm
ippsTanh_64fc_A53=ippvm
ippsTrunc_32f=ippvm
ippsTrunc_64f=ippvm
ippvmGetLibVersion=ippvm
